[OK] Rate limiting enabled
[OK] Request logging middleware enabled
[OK] eSign routes enabled
[OK] ERP routes enabled
[1m============================= test session starts =============================[0m
platform win32 -- Python 3.13.9, pytest-9.0.2, pluggy-1.6.0 -- C:\source\repos\SmartAP\backend\venv\Scripts\python.exe
cachedir: .pytest_cache
rootdir: C:\source\repos\SmartAP\backend
configfile: pytest.ini
plugins: anyio-4.12.1, Faker-40.1.0, langsmith-0.6.1, asyncio-1.3.0, cov-7.0.0
asyncio: mode=Mode.AUTO, debug=False, asyncio_default_fixture_loop_scope=function, asyncio_default_test_loop_scope=function
[1mcollecting ... [0mcollected 1 item

tests/test_api_e2e.py::TestAPIEndToEnd::test_complete_workflow_e2e [LOG] Logging configured: level=INFO, format=json
[START] SmartAP 0.1.0 starting...
[DIR] Upload directory: ./uploads
[AI] AI Provider: github
[CONFIG] Model: openai/gpt-4.1
[WARN] Failed to initialize database: 'charmap' codec can't encode character '\u2705' in position 0: character maps to <undefined>
[WARN] Failed to start ERP sync scheduler: No module named 'apscheduler'
{"timestamp": "2026-01-12 12:10:13,599", "logger": "src.middleware.logging_middleware", "level": "INFO", "message": "Request started", "request_id": "5f0217b7", "method": "POST", "path": "/api/v1/invoices/DOC-E2E-001/match", "query": "use_ai=false", "client_ip": "testclient", "user_agent": "testclient"}
{"timestamp": "2026-01-12 12:10:13,816", "logger": "src.utils.query_optimizer", "level": "WARNING", "message": "Slow query detected (invoice_get_by_id): 124.42ms"}
{"timestamp": "2026-01-12 12:10:13,936", "logger": "src.middleware.logging_middleware", "level": "INFO", "message": "Request completed", "request_id": "5f0217b7", "method": "POST", "path": "/api/v1/invoices/DOC-E2E-001/match", "status_code": 200, "duration_ms": 337.35, "client_ip": "testclient", "error": null}
{"timestamp": "2026-01-12 12:10:13,954", "logger": "httpx", "level": "INFO", "message": "HTTP Request: POST http://testserver/api/v1/invoices/DOC-E2E-001/match?use_ai=false \"HTTP/1.1 200 OK\""}
{"timestamp": "2026-01-12 12:10:13,970", "logger": "src.middleware.logging_middleware", "level": "INFO", "message": "Request started", "request_id": "962a4673", "method": "POST", "path": "/api/v1/invoices/DOC-E2E-001/assess-risk", "query": "vendor_id=V001", "client_ip": "testclient", "user_agent": "testclient"}
{"timestamp": "2026-01-12 12:10:14,113", "logger": "src.utils.query_optimizer", "level": "WARNING", "message": "Slow query detected (vendor_get_by_id): 100.79ms"}
{"timestamp": "2026-01-12 12:10:14,166", "logger": "src.middleware.logging_middleware", "level": "INFO", "message": "Request completed", "request_id": "962a4673", "method": "POST", "path": "/api/v1/invoices/DOC-E2E-001/assess-risk", "status_code": 200, "duration_ms": 195.83, "client_ip": "testclient", "error": null}
{"timestamp": "2026-01-12 12:10:14,174", "logger": "httpx", "level": "INFO", "message": "HTTP Request: POST http://testserver/api/v1/invoices/DOC-E2E-001/assess-risk?vendor_id=V001 \"HTTP/1.1 200 OK\""}
{"timestamp": "2026-01-12 12:10:14,185", "logger": "src.middleware.logging_middleware", "level": "INFO", "message": "Request started", "request_id": "6c75f638", "method": "GET", "path": "/api/v1/invoices/DOC-E2E-001/status", "query": null, "client_ip": "testclient", "user_agent": "testclient"}
{"timestamp": "2026-01-12 12:10:14,218", "logger": "src.api.routes", "level": "ERROR", "message": "Failed to get status: type object 'InvoiceStatus' has no attribute 'PENDING_REVIEW'"}
{"timestamp": "2026-01-12 12:10:14,222", "logger": "src.middleware.logging_middleware", "level": "WARNING", "message": "Request completed", "request_id": "6c75f638", "method": "GET", "path": "/api/v1/invoices/DOC-E2E-001/status", "status_code": 500, "duration_ms": 37.54, "client_ip": "testclient", "error": null}
{"timestamp": "2026-01-12 12:10:14,230", "logger": "httpx", "level": "INFO", "message": "HTTP Request: GET http://testserver/api/v1/invoices/DOC-E2E-001/status \"HTTP/1.1 500 Internal Server Error\""}
[31mFAILED[0m[WARN] Failed to stop ERP sync scheduler: No module named 'apscheduler'
[BYE] SmartAP shutting down...


================================== FAILURES ===================================
[31m[1m_________________ TestAPIEndToEnd.test_complete_workflow_e2e __________________[0m

self = <tests.test_api_e2e.TestAPIEndToEnd object at 0x0000026CA6592520>
test_client_with_db = <starlette.testclient.TestClient object at 0x0000026CA66E8830>
data_builder = <tests.conftest.TestDataBuilder object at 0x0000026CA66EB620>

    [0m[94masync[39;49;00m [94mdef[39;49;00m[90m [39;49;00m[92mtest_complete_workflow_e2e[39;49;00m([90m[39;49;00m
        [96mself[39;49;00m,[90m[39;49;00m
        test_client_with_db: TestClient,[90m[39;49;00m
        data_builder,[90m[39;49;00m
    ):[90m[39;49;00m
    \x1b[90m    \x1b[39;49;00m\x1b[33m"""Test complete workflow: setup data \u2192 process \u2192 verify."""\x1b[39;49;00m\x1b[90m\x1b[39;49;00m
        [90m# Setup test data[39;49;00m[90m[39;49;00m
        [94mawait[39;49;00m data_builder.create_vendor(vendor_id=[33m"[39;49;00m[33mV001[39;49;00m[33m"[39;49;00m, vendor_name=[33m"[39;49;00m[33mTest Vendor[39;49;00m[33m"[39;49;00m)[90m[39;49;00m
        [94mawait[39;49;00m data_builder.create_po(po_number=[33m"[39;49;00m[33mPO-001[39;49;00m[33m"[39;49;00m, vendor_id=[33m"[39;49;00m[33mV001[39;49;00m[33m"[39;49;00m)[90m[39;49;00m
        [94mawait[39;49;00m data_builder.create_invoice([90m[39;49;00m
            document_id=[33m"[39;49;00m[33mDOC-E2E-001[39;49;00m[33m"[39;49;00m,[90m[39;49;00m
            invoice_number=[33m"[39;49;00m[33mINV-E2E-001[39;49;00m[33m"[39;49;00m,[90m[39;49;00m
            vendor_name=[33m"[39;49;00m[33mTest Vendor[39;49;00m[33m"[39;49;00m,[90m[39;49;00m
            po_number=[33m"[39;49;00m[33mPO-001[39;49;00m[33m"[39;49;00m,[90m[39;49;00m
        )[90m[39;49;00m
        [94mawait[39;49;00m data_builder.commit()[90m[39;49;00m
    [90m[39;49;00m
        [90m# Test 1: Match endpoint[39;49;00m[90m[39;49;00m
        response = test_client_with_db.post([90m[39;49;00m
            [33m"[39;49;00m[33m/api/v1/invoices/DOC-E2E-001/match[39;49;00m[33m"[39;49;00m,[90m[39;49;00m
            params={[33m"[39;49;00m[33muse_ai[39;49;00m[33m"[39;49;00m: [94mFalse[39;49;00m},[90m[39;49;00m
        )[90m[39;49;00m
    [90m[39;49;00m
        [94massert[39;49;00m response.status_code == [94m200[39;49;00m[90m[39;49;00m
        matching_data = response.json()[90m[39;49;00m
        assert_matching_result(matching_data, min_score=[94m0.80[39;49;00m)[90m[39;49;00m
    [90m[39;49;00m
        [90m# Test 2: Risk assessment endpoint[39;49;00m[90m[39;49;00m
        response = test_client_with_db.post([90m[39;49;00m
            [33m"[39;49;00m[33m/api/v1/invoices/DOC-E2E-001/assess-risk[39;49;00m[33m"[39;49;00m,[90m[39;49;00m
            params={[33m"[39;49;00m[33mvendor_id[39;49;00m[33m"[39;49;00m: [33m"[39;49;00m[33mV001[39;49;00m[33m"[39;49;00m},[90m[39;49;00m
        )[90m[39;49;00m
    [90m[39;49;00m
        [94massert[39;49;00m response.status_code == [94m200[39;49;00m[90m[39;49;00m
        risk_data = response.json()[90m[39;49;00m
        assert_risk_assessment(risk_data)[90m[39;49;00m
    [90m[39;49;00m
        [90m# Test 3: Status endpoint[39;49;00m[90m[39;49;00m
        response = test_client_with_db.get([33m"[39;49;00m[33m/api/v1/invoices/DOC-E2E-001/status[39;49;00m[33m"[39;49;00m)[90m[39;49;00m
    [90m[39;49;00m
>       [94massert[39;49;00m response.status_code == [94m200[39;49;00m[90m[39;49;00m
[1m[31mE       assert 500 == 200[0m
[1m[31mE        +  where 500 = <Response [500 Internal Server Error]>.status_code[0m

data_builder = <tests.conftest.TestDataBuilder object at 0x0000026CA66EB620>
matching_data = {'amount_match_score': 1.0,
 'approval_reason': None,
 'candidate_pos': [],
 'critical_discrepancies': 0,
 'date_match_score': 1.0,
 'discrepancies': [],
 'has_discrepancies': False,
 'invoice_id': 'DOC-E2E-001',
 'line_item_matches': [],
 'line_items_match_score': 1.0,
 'match_score': 0.9999999999999999,
 'match_type': 'exact',
 'matched': True,
 'matched_at': '2026-01-12T12:10:13.894094',
 'matched_by': 'po_matching_agent',
 'matching_algorithm': 'fuzzy_matching_v1',
 'matching_id': '19a57791-018f-4a0f-aef2-25e2e3ae1b0f',
 'po_id': None,
 'po_number': 'PO-001',
 'requires_approval': False,
 'vendor_match_score': 1.0}
response   = <Response [500 Internal Server Error]>
risk_data  = {'action_reason': 'Critical flag: RiskFlagType.DUPLICATE_NEAR',
 'amount_risk_score': 0.0,
 'assessed_at': '2026-01-12T12:10:14.130594',
 'assessed_by': 'risk_detection_agent',
 'assessment_id': '8ac036b8-1338-4f96-9155-969776a3bd41',
 'assessment_notes': None,
 'assessment_version': '1.0',
 'critical_flags': 1,
 'duplicate_info': {'duplicate_invoice_id': 'DOC-E2E-001',
                    'duplicate_invoice_number': 'INV-E2E-001',
                    'duplicate_processed_date': None,
                    'duplicate_type': 'duplicate_near',
                    'is_duplicate': True,
                    'similarity_score': 1.0},
 'duplicate_risk_score': 1.0,
 'high_flags': 0,
 'invoice_id': 'DOC-E2E-001',
 'pattern_risk_score': 0.2,
 'price_anomalies': [],
 'price_risk_score': 0.0,
 'recommended_action': 'manager_approval',
 'requires_manual_review': True,
 'risk_flags': [{'actual_value': None,
                 'confidence': 1.0,
                 'description': 'Potential duplicate: duplicate_near match '
                                'with INV-E2E-001',
                 'deviation': None,
                 'evidence': None,
                 'expected_value': None,
                 'flag_type': 'duplicate_near',
                 'related_invoice_id': None,
                 'requires_action': True,
                 'severity': 'critical',
                 'suggested_action': None}],
 'risk_level': 'medium',
 'risk_score': 0.41500000000000004,
 'vendor_risk_info': None,
 'vendor_risk_score': 0.38}
self       = <tests.test_api_e2e.TestAPIEndToEnd object at 0x0000026CA6592520>
test_client_with_db = <starlette.testclient.TestClient object at 0x0000026CA66E8830>

[1m[31mtests\test_api_e2e.py[0m:99: AssertionError
----------------------------- Captured log setup ------------------------------
[35mDEBUG   [0m faker.factory:factory.py:78 Looking for locale `en_US` in provider `faker.providers.address`.
[35mDEBUG   [0m faker.factory:factory.py:97 Provider `faker.providers.address` has been localized to `en_US`.
[35mDEBUG   [0m faker.factory:factory.py:78 Looking for locale `en_US` in provider `faker.providers.automotive`.
[35mDEBUG   [0m faker.factory:factory.py:97 Provider `faker.providers.automotive` has been localized to `en_US`.
[35mDEBUG   [0m faker.factory:factory.py:78 Looking for locale `en_US` in provider `faker.providers.bank`.
[35mDEBUG   [0m faker.factory:factory.py:88 Specified locale `en_US` is not available for provider `faker.providers.bank`. Locale reset to `en_GB` for this provider.
[35mDEBUG   [0m faker.factory:factory.py:78 Looking for locale `en_US` in provider `faker.providers.barcode`.
[35mDEBUG   [0m faker.factory:factory.py:97 Provider `faker.providers.barcode` has been localized to `en_US`.
[35mDEBUG   [0m faker.factory:factory.py:78 Looking for locale `en_US` in provider `faker.providers.color`.
[35mDEBUG   [0m faker.factory:factory.py:97 Provider `faker.providers.color` has been localized to `en_US`.
[35mDEBUG   [0m faker.factory:factory.py:78 Looking for locale `en_US` in provider `faker.providers.company`.
[35mDEBUG   [0m faker.factory:factory.py:97 Provider `faker.providers.company` has been localized to `en_US`.
[35mDEBUG   [0m faker.factory:factory.py:78 Looking for locale `en_US` in provider `faker.providers.credit_card`.
[35mDEBUG   [0m faker.factory:factory.py:97 Provider `faker.providers.credit_card` has been localized to `en_US`.
[35mDEBUG   [0m faker.factory:factory.py:78 Looking for locale `en_US` in provider `faker.providers.currency`.
[35mDEBUG   [0m faker.factory:factory.py:97 Provider `faker.providers.currency` has been localized to `en_US`.
[35mDEBUG   [0m faker.factory:factory.py:78 Looking for locale `en_US` in provider `faker.providers.date_time`.
[35mDEBUG   [0m faker.factory:factory.py:97 Provider `faker.providers.date_time` has been localized to `en_US`.
[35mDEBUG   [0m faker.factory:factory.py:108 Provider `faker.providers.doi` does not feature localization. Specified locale `en_US` is not used for this provider.
[35mDEBUG   [0m faker.factory:factory.py:108 Provider `faker.providers.emoji` does not feature localization. Specified locale `en_US` is not used for this provider.
[35mDEBUG   [0m faker.factory:factory.py:108 Provider `faker.providers.file` does not feature localization. Specified locale `en_US` is not used for this provider.
[35mDEBUG   [0m faker.factory:factory.py:78 Looking for locale `en_US` in provider `faker.providers.geo`.
[35mDEBUG   [0m faker.factory:factory.py:97 Provider `faker.providers.geo` has been localized to `en_US`.
[35mDEBUG   [0m faker.factory:factory.py:78 Looking for locale `en_US` in provider `faker.providers.internet`.
[35mDEBUG   [0m faker.factory:factory.py:97 Provider `faker.providers.internet` has been localized to `en_US`.
[35mDEBUG   [0m faker.factory:factory.py:78 Looking for locale `en_US` in provider `faker.providers.isbn`.
[35mDEBUG   [0m faker.factory:factory.py:97 Provider `faker.providers.isbn` has been localized to `en_US`.
[35mDEBUG   [0m faker.factory:factory.py:78 Looking for locale `en_US` in provider `faker.providers.job`.
[35mDEBUG   [0m faker.factory:factory.py:97 Provider `faker.providers.job` has been localized to `en_US`.
[35mDEBUG   [0m faker.factory:factory.py:78 Looking for locale `en_US` in provider `faker.providers.lorem`.
[35mDEBUG   [0m faker.factory:factory.py:97 Provider `faker.providers.lorem` has been localized to `en_US`.
[35mDEBUG   [0m faker.factory:factory.py:78 Looking for locale `en_US` in provider `faker.providers.misc`.
[35mDEBUG   [0m faker.factory:factory.py:97 Provider `faker.providers.misc` has been localized to `en_US`.
[35mDEBUG   [0m faker.factory:factory.py:78 Looking for locale `en_US` in provider `faker.providers.passport`.
[35mDEBUG   [0m faker.factory:factory.py:97 Provider `faker.providers.passport` has been localized to `en_US`.
[35mDEBUG   [0m faker.factory:factory.py:78 Looking for locale `en_US` in provider `faker.providers.person`.
[35mDEBUG   [0m faker.factory:factory.py:97 Provider `faker.providers.person` has been localized to `en_US`.
[35mDEBUG   [0m faker.factory:factory.py:78 Looking for locale `en_US` in provider `faker.providers.phone_number`.
[35mDEBUG   [0m faker.factory:factory.py:97 Provider `faker.providers.phone_number` has been localized to `en_US`.
[35mDEBUG   [0m faker.factory:factory.py:108 Provider `faker.providers.profile` does not feature localization. Specified locale `en_US` is not used for this provider.
[35mDEBUG   [0m faker.factory:factory.py:108 Provider `faker.providers.python` does not feature localization. Specified locale `en_US` is not used for this provider.
[35mDEBUG   [0m faker.factory:factory.py:108 Provider `faker.providers.sbn` does not feature localization. Specified locale `en_US` is not used for this provider.
[35mDEBUG   [0m faker.factory:factory.py:78 Looking for locale `en_US` in provider `faker.providers.ssn`.
[35mDEBUG   [0m faker.factory:factory.py:97 Provider `faker.providers.ssn` has been localized to `en_US`.
[35mDEBUG   [0m faker.factory:factory.py:108 Provider `faker.providers.user_agent` does not feature localization. Specified locale `en_US` is not used for this provider.
[35mDEBUG   [0m asyncio:proactor_events.py:633 Using proactor: IocpProactor
[35mDEBUG   [0m asyncio:proactor_events.py:633 Using proactor: IocpProactor
[35mDEBUG   [0m aiosqlite:core.py:62 executing <function connect.<locals>.connector at 0x0000026CA66C9940>
[35mDEBUG   [0m aiosqlite:core.py:67 operation <function connect.<locals>.connector at 0x0000026CA66C9940> completed
[35mDEBUG   [0m aiosqlite:core.py:62 executing functools.partial(<built-in method create_function of sqlite3.Connection object at 0x0000026CA66D84F0>, 'regexp', 2, <function SQLiteDialect_pysqlite.on_connect.<locals>.regexp at 0x0000026CA66C8F40>, deterministic=True)
[35mDEBUG   [0m aiosqlite:core.py:67 operation functools.partial(<built-in method create_function of sqlite3.Connection object at 0x0000026CA66D84F0>, 'regexp', 2, <function SQLiteDialect_pysqlite.on_connect.<locals>.regexp at 0x0000026CA66C8F40>, deterministic=True) completed
[35mDEBUG   [0m aiosqlite:core.py:62 executing functools.partial(<built-in method create_function of sqlite3.Connection object at 0x0000026CA66D84F0>, 'floor', 1, <built-in function floor>, deterministic=True)
[35mDEBUG   [0m aiosqlite:core.py:67 operation functools.partial(<built-in method create_function of sqlite3.Connection object at 0x0000026CA66D84F0>, 'floor', 1, <built-in function floor>, deterministic=True) completed
[35mDEBUG   [0m aiosqlite:core.py:62 executing functools.partial(<built-in method cursor of sqlite3.Connection object at 0x0000026CA66D84F0>)
[35mDEBUG   [0m aiosqlite:core.py:67 operation functools.partial(<built-in method cursor of sqlite3.Connection object at 0x0000026CA66D84F0>) completed
[35mDEBUG   [0m aiosqlite:core.py:62 executing functools.partial(<built-in method execute of sqlite3.Cursor object at 0x0000026CA66C1740>, 'PRAGMA read_uncommitted', [])
[35mDEBUG   [0m aiosqlite:core.py:67 operation functools.partial(<built-in method execute of sqlite3.Cursor object at 0x0000026CA66C1740>, 'PRAGMA read_uncommitted', []) completed
[35mDEBUG   [0m aiosqlite:core.py:62 executing functools.partial(<built-in method fetchall of sqlite3.Cursor object at 0x0000026CA66C1740>)
[35mDEBUG   [0m aiosqlite:core.py:67 operation functools.partial(<built-in method fetchall of sqlite3.Cursor object at 0x0000026CA66C1740>) completed
[35mDEBUG   [0m aiosqlite:core.py:62 executing functools.partial(<built-in method close of sqlite3.Cursor object at 0x0000026CA66C1740>)
[35mDEBUG   [0m aiosqlite:core.py:67 operation functools.partial(<built-in method close of sqlite3.Cursor object at 0x0000026CA66C1740>) completed
[35mDEBUG   [0m aiosqlite:core.py:62 executing functools.partial(<built-in method rollback of sqlite3.Connection object at 0x0000026CA66D84F0>)
[35mDEBUG   [0m aiosqlite:core.py:67 operation functools.partial(<built-in method rollback of sqlite3.Connection object at 0x0000026CA66D84F0>) completed
[35mDEBUG   [0m aiosqlite:core.py:62 executing functools.partial(<built-in method cursor of sqlite3.Connection object at 0x0000026CA66D84F0>)
[35mDEBUG   [0m aiosqlite:core.py:67 operation functools.partial(<built-in method cursor of sqlite3.Connection object at 0x0000026CA66D84F0>) completed
[35mDEBUG   [0m aiosqlite:core.py:62 executing functools.partial(<built-in method execute of sqlite3.Cursor object at 0x0000026CA66C19C0>, 'PRAGMA foreign_keys=ON', [])
[35mDEBUG   [0m aiosqlite:core.py:67 operation functools.partial(<built-in method execute of sqlite3.Cursor object at 0x0000026CA66C19C0>, 'PRAGMA foreign_keys=ON', []) completed
[35mDEBUG   [0m aiosqlite:core.py:62 executing functools.partial(<built-in method close of sqlite3.Cursor object at 0x0000026CA66C19C0>)
[35mDEBUG   [0m aiosqlite:core.py:67 operation functools.partial(<built-in method close of sqlite3.Cursor object at 0x0000026CA66C19C0>) completed
[35mDEBUG   [0m aiosqlite:core.py:62 executing functools.partial(<built-in method cursor of sqlite3.Connection object at 0x0000026CA66D84F0>)
[35mDEBUG   [0m aiosqlite:core.py:67 operation functools.partial(<built-in method cursor of sqlite3.Connection object at 0x0000026CA66D84F0>) completed
[35mDEBUG   [0m aiosqlite:core.py:62 executing functools.partial(<built-in method execute of sqlite3.Cursor object at 0x0000026CA66C2140>, 'PRAGMA main.table_info("invoices")', ())
[35mDEBUG   [0m aiosqlite:core.py:67 operation functools.partial(<built-in method execute of sqlite3.Cursor object at 0x0000026CA66C2140>, 'PRAGMA main.table_info("invoices")', ()) completed
[35mDEBUG   [0m aiosqlite:core.py:62 executing functools.partial(<built-in method fetchall of sqlite3.Cursor object at 0x0000026CA66C2140>)
[35mDEBUG   [0m aiosqlite:core.py:67 operation functools.partial(<built-in method fetchall of sqlite3.Cursor object at 0x0000026CA66C2140>) completed
[35mDEBUG   [0m aiosqlite:core.py:62 executing functools.partial(<built-in method close of sqlite3.Cursor object at 0x0000026CA66C2140>)
[35mDEBUG   [0m aiosqlite:core.py:67 operation functools.partial(<built-in method close of sqlite3.Cursor object at 0x0000026CA66C2140>) completed
[35mDEBUG   [0m aiosqlite:core.py:62 executing functools.partial(<built-in method cursor of sqlite3.Connection object at 0x0000026CA66D84F0>)
[35mDEBUG   [0m aiosqlite:core.py:67 operation functools.partial(<built-in method cursor of sqlite3.Connection object at 0x0000026CA66D84F0>) completed
[35mDEBUG   [0m aiosqlite:core.py:62 executing functools.partial(<built-in method execute of sqlite3.Cursor object at 0x0000026CA66C21C0>, 'PRAGMA temp.table_info("invoices")', ())
[35mDEBUG   [0m aiosqlite:core.py:67 operation functools.partial(<built-in method execute of sqlite3.Cursor object at 0x0000026CA66C21C0>, 'PRAGMA temp.table_info("invoices")', ()) completed
[35mDEBUG   [0m aiosqlite:core.py:62 executing functools.partial(<built-in method fetchall of sqlite3.Cursor object at 0x0000026CA66C21C0>)
[35mDEBUG   [0m aiosqlite:core.py:67 operation functools.partial(<built-in method fetchall of sqlite3.Cursor object at 0x0000026CA66C21C0>) completed
[35mDEBUG   [0m aiosqlite:core.py:62 executing functools.partial(<built-in method close of sqlite3.Cursor object at 0x0000026CA66C21C0>)
[35mDEBUG   [0m aiosqlite:core.py:67 operation functools.partial(<built-in method close of sqlite3.Cursor object at 0x0000026CA66C21C0>) completed
[35mDEBUG   [0m aiosqlite:core.py:62 executing functools.partial(<built-in method cursor of sqlite3.Connection object at 0x0000026CA66D84F0>)
[35mDEBUG   [0m aiosqlite:core.py:67 operation functools.partial(<built-in method cursor of sqlite3.Connection object at 0x0000026CA66D84F0>) completed
[35mDEBUG   [0m aiosqlite:core.py:62 executing functools.partial(<built-in method execute of sqlite3.Cursor object at 0x0000026CA66C2340>, 'PRAGMA main.table_info("purchase_orders")', ())
[35mDEBUG   [0m aiosqlite:core.py:67 operation functools.partial(<built-in method execute of sqlite3.Cursor object at 0x0000026CA66C2340>, 'PRAGMA main.table_info("purchase_orders")', ()) completed
[35mDEBUG   [0m aiosqlite:core.py:62 executing functools.partial(<built-in method fetchall of sqlite3.Cursor object at 0x0000026CA66C2340>)
[35mDEBUG   [0m aiosqlite:core.py:67 operation functools.partial(<built-in method fetchall of sqlite3.Cursor object at 0x0000026CA66C2340>) completed
[35mDEBUG   [0m aiosqlite:core.py:62 executing functools.partial(<built-in method close of sqlite3.Cursor object at 0x0000026CA66C2340>)
[35mDEBUG   [0m aiosqlite:core.py:67 operation functools.partial(<built-in method close of sqlite3.Cursor object at 0x0000026CA66C2340>) completed
[35mDEBUG   [0m aiosqlite:core.py:62 executing functools.partial(<built-in method cursor of sqlite3.Connection object at 0x0000026CA66D84F0>)
[35mDEBUG   [0m aiosqlite:core.py:67 operation functools.partial(<built-in method cursor of sqlite3.Connection object at 0x0000026CA66D84F0>) completed
[35mDEBUG   [0m aiosqlite:core.py:62 executing functools.partial(<built-in method execute of sqlite3.Cursor object at 0x0000026CA66C2440>, 'PRAGMA temp.table_info("purchase_orders")', ())
[35mDEBUG   [0m aiosqlite:core.py:67 operation functools.partial(<built-in method execute of sqlite3.Cursor object at 0x0000026CA66C2440>, 'PRAGMA temp.table_info("purchase_orders")', ()) completed
[35mDEBUG   [0m aiosqlite:core.py:62 executing functools.partial(<built-in method fetchall of sqlite3.Cursor object at 0x0000026CA66C2440>)
[35mDEBUG   [0m aiosqlite:core.py:67 operation functools.partial(<built-in method fetchall of sqlite3.Cursor object at 0x0000026CA66C2440>) completed
[35mDEBUG   [0m aiosqlite:core.py:62 executing functools.partial(<built-in method close of sqlite3.Cursor object at 0x0000026CA66C2440>)
[35mDEBUG   [0m aiosqlite:core.py:67 operation functools.partial(<built-in method close of sqlite3.Cursor object at 0x0000026CA66C2440>) completed
[35mDEBUG   [0m aiosqlite:core.py:62 executing functools.partial(<built-in method cursor of sqlite3.Connection object at 0x0000026CA66D84F0>)
[35mDEBUG   [0m aiosqlite:core.py:67 operation functools.partial(<built-in method cursor of sqlite3.Connection object at 0x0000026CA66D84F0>) completed
[35mDEBUG   [0m aiosqlite:core.py:62 executing functools.partial(<built-in method execute of sqlite3.Cursor object at 0x0000026CA66C2540>, 'PRAGMA main.table_info("po_line_items")', ())
[35mDEBUG   [0m aiosqlite:core.py:67 operation functools.partial(<built-in method execute of sqlite3.Cursor object at 0x0000026CA66C2540>, 'PRAGMA main.table_info("po_line_items")', ()) completed
[35mDEBUG   [0m aiosqlite:core.py:62 executing functools.partial(<built-in method fetchall of sqlite3.Cursor object at 0x0000026CA66C2540>)
[35mDEBUG   [0m aiosqlite:core.py:67 operation functools.partial(<built-in method fetchall of sqlite3.Cursor object at 0x0000026CA66C2540>) completed
[35mDEBUG   [0m aiosqlite:core.py:62 executing functools.partial(<built-in method close of sqlite3.Cursor object at 0x0000026CA66C2540>)
[35mDEBUG   [0m aiosqlite:core.py:67 operation functools.partial(<built-in method close of sqlite3.Cursor object at 0x0000026CA66C2540>) completed
[35mDEBUG   [0m aiosqlite:core.py:62 executing functools.partial(<built-in method cursor of sqlite3.Connection object at 0x0000026CA66D84F0>)
[35mDEBUG   [0m aiosqlite:core.py:67 operation functools.partial(<built-in method cursor of sqlite3.Connection object at 0x0000026CA66D84F0>) completed
[35mDEBUG   [0m aiosqlite:core.py:62 executing functools.partial(<built-in method execute of sqlite3.Cursor object at 0x0000026CA66C25C0>, 'PRAGMA temp.table_info("po_line_items")', ())
[35mDEBUG   [0m aiosqlite:core.py:67 operation functools.partial(<built-in method execute of sqlite3.Cursor object at 0x0000026CA66C25C0>, 'PRAGMA temp.table_info("po_line_items")', ()) completed
[35mDEBUG   [0m aiosqlite:core.py:62 executing functools.partial(<built-in method fetchall of sqlite3.Cursor object at 0x0000026CA66C25C0>)
[35mDEBUG   [0m aiosqlite:core.py:67 operation functools.partial(<built-in method fetchall of sqlite3.Cursor object at 0x0000026CA66C25C0>) completed
[35mDEBUG   [0m aiosqlite:core.py:62 executing functools.partial(<built-in method close of sqlite3.Cursor object at 0x0000026CA66C25C0>)
[35mDEBUG   [0m aiosqlite:core.py:67 operation functools.partial(<built-in method close of sqlite3.Cursor object at 0x0000026CA66C25C0>) completed
[35mDEBUG   [0m aiosqlite:core.py:62 executing functools.partial(<built-in method cursor of sqlite3.Connection object at 0x0000026CA66D84F0>)
[35mDEBUG   [0m aiosqlite:core.py:67 operation functools.partial(<built-in method cursor of sqlite3.Connection object at 0x0000026CA66D84F0>) completed
[35mDEBUG   [0m aiosqlite:core.py:62 executing functools.partial(<built-in method execute of sqlite3.Cursor object at 0x0000026CA66C26C0>, 'PRAGMA main.table_info("vendors")', ())
[35mDEBUG   [0m aiosqlite:core.py:67 operation functools.partial(<built-in method execute of sqlite3.Cursor object at 0x0000026CA66C26C0>, 'PRAGMA main.table_info("vendors")', ()) completed
[35mDEBUG   [0m aiosqlite:core.py:62 executing functools.partial(<built-in method fetchall of sqlite3.Cursor object at 0x0000026CA66C26C0>)
[35mDEBUG   [0m aiosqlite:core.py:67 operation functools.partial(<built-in method fetchall of sqlite3.Cursor object at 0x0000026CA66C26C0>) completed
[35mDEBUG   [0m aiosqlite:core.py:62 executing functools.partial(<built-in method close of sqlite3.Cursor object at 0x0000026CA66C26C0>)
[35mDEBUG   [0m aiosqlite:core.py:67 operation functools.partial(<built-in method close of sqlite3.Cursor object at 0x0000026CA66C26C0>) completed
[35mDEBUG   [0m aiosqlite:core.py:62 executing functools.partial(<built-in method cursor of sqlite3.Connection object at 0x0000026CA66D84F0>)
[35mDEBUG   [0m aiosqlite:core.py:67 operation functools.partial(<built-in method cursor of sqlite3.Connection object at 0x0000026CA66D84F0>) completed
[35mDEBUG   [0m aiosqlite:core.py:62 executing functools.partial(<built-in method execute of sqlite3.Cursor object at 0x0000026CA66C27C0>, 'PRAGMA temp.table_info("vendors")', ())
[35mDEBUG   [0m aiosqlite:core.py:67 operation functools.partial(<built-in method execute of sqlite3.Cursor object at 0x0000026CA66C27C0>, 'PRAGMA temp.table_info("vendors")', ()) completed
[35mDEBUG   [0m aiosqlite:core.py:62 executing functools.partial(<built-in method fetchall of sqlite3.Cursor object at 0x0000026CA66C27C0>)
[35mDEBUG   [0m aiosqlite:core.py:67 operation functools.partial(<built-in method fetchall of sqlite3.Cursor object at 0x0000026CA66C27C0>) completed
[35mDEBUG   [0m aiosqlite:core.py:62 executing functools.partial(<built-in method close of sqlite3.Cursor object at 0x0000026CA66C27C0>)
[35mDEBUG   [0m aiosqlite:core.py:67 operation functools.partial(<built-in method close of sqlite3.Cursor object at 0x0000026CA66C27C0>) completed
[35mDEBUG   [0m aiosqlite:core.py:62 executing functools.partial(<built-in method cursor of sqlite3.Connection object at 0x0000026CA66D84F0>)
[35mDEBUG   [0m aiosqlite:core.py:67 operation functools.partial(<built-in method cursor of sqlite3.Connection object at 0x0000026CA66D84F0>) completed
[35mDEBUG   [0m aiosqlite:core.py:62 executing functools.partial(<built-in method execute of sqlite3.Cursor object at 0x0000026CA66C2840>, 'PRAGMA main.table_info("payment_records")', ())
[35mDEBUG   [0m aiosqlite:core.py:67 operation functools.partial(<built-in method execute of sqlite3.Cursor object at 0x0000026CA66C2840>, 'PRAGMA main.table_info("payment_records")', ()) completed
[35mDEBUG   [0m aiosqlite:core.py:62 executing functools.partial(<built-in method fetchall of sqlite3.Cursor object at 0x0000026CA66C2840>)
[35mDEBUG   [0m aiosqlite:core.py:67 operation functools.partial(<built-in method fetchall of sqlite3.Cursor object at 0x0000026CA66C2840>) completed
[35mDEBUG   [0m aiosqlite:core.py:62 executing functools.partial(<built-in method close of sqlite3.Cursor object at 0x0000026CA66C2840>)
[35mDEBUG   [0m aiosqlite:core.py:67 operation functools.partial(<built-in method close of sqlite3.Cursor object at 0x0000026CA66C2840>) completed
[35mDEBUG   [0m aiosqlite:core.py:62 executing functools.partial(<built-in method cursor of sqlite3.Connection object at 0x0000026CA66D84F0>)
[35mDEBUG   [0m aiosqlite:core.py:67 operation functools.partial(<built-in method cursor of sqlite3.Connection object at 0x0000026CA66D84F0>) completed
[35mDEBUG   [0m aiosqlite:core.py:62 executing functools.partial(<built-in method execute of sqlite3.Cursor object at 0x0000026CA66C2940>, 'PRAGMA temp.table_info("payment_records")', ())
[35mDEBUG   [0m aiosqlite:core.py:67 operation functools.partial(<built-in method execute of sqlite3.Cursor object at 0x0000026CA66C2940>, 'PRAGMA temp.table_info("payment_records")', ()) completed
[35mDEBUG   [0m aiosqlite:core.py:62 executing functools.partial(<built-in method fetchall of sqlite3.Cursor object at 0x0000026CA66C2940>)
[35mDEBUG   [0m aiosqlite:core.py:67 operation functools.partial(<built-in method fetchall of sqlite3.Cursor object at 0x0000026CA66C2940>) completed
[35mDEBUG   [0m aiosqlite:core.py:62 executing functools.partial(<built-in method close of sqlite3.Cursor object at 0x0000026CA66C2940>)
[35mDEBUG   [0m aiosqlite:core.py:67 operation functools.partial(<built-in method close of sqlite3.Cursor object at 0x0000026CA66C2940>) completed
[35mDEBUG   [0m aiosqlite:core.py:62 executing functools.partial(<built-in method cursor of sqlite3.Connection object at 0x0000026CA66D84F0>)
[35mDEBUG   [0m aiosqlite:core.py:67 operation functools.partial(<built-in method cursor of sqlite3.Connection object at 0x0000026CA66D84F0>) completed
[35mDEBUG   [0m aiosqlite:core.py:62 executing functools.partial(<built-in method execute of sqlite3.Cursor object at 0x0000026CA66C29C0>, 'PRAGMA main.table_info("fraud_flags")', ())
[35mDEBUG   [0m aiosqlite:core.py:67 operation functools.partial(<built-in method execute of sqlite3.Cursor object at 0x0000026CA66C29C0>, 'PRAGMA main.table_info("fraud_flags")', ()) completed
[35mDEBUG   [0m aiosqlite:core.py:62 executing functools.partial(<built-in method fetchall of sqlite3.Cursor object at 0x0000026CA66C29C0>)
[35mDEBUG   [0m aiosqlite:core.py:67 operation functools.partial(<built-in method fetchall of sqlite3.Cursor object at 0x0000026CA66C29C0>) completed
[35mDEBUG   [0m aiosqlite:core.py:62 executing functools.partial(<built-in method close of sqlite3.Cursor object at 0x0000026CA66C29C0>)
[35mDEBUG   [0m aiosqlite:core.py:67 operation functools.partial(<built-in method close of sqlite3.Cursor object at 0x0000026CA66C29C0>) completed
[35mDEBUG   [0m aiosqlite:core.py:62 executing functools.partial(<built-in method cursor of sqlite3.Connection object at 0x0000026CA66D84F0>)
[35mDEBUG   [0m aiosqlite:core.py:67 operation functools.partial(<built-in method cursor of sqlite3.Connection object at 0x0000026CA66D84F0>) completed
[35mDEBUG   [0m aiosqlite:core.py:62 executing functools.partial(<built-in method execute of sqlite3.Cursor object at 0x0000026CA66C2AC0>, 'PRAGMA temp.table_info("fraud_flags")', ())
[35mDEBUG   [0m aiosqlite:core.py:67 operation functools.partial(<built-in method execute of sqlite3.Cursor object at 0x0000026CA66C2AC0>, 'PRAGMA temp.table_info("fraud_flags")', ()) completed
[35mDEBUG   [0m aiosqlite:core.py:62 executing functools.partial(<built-in method fetchall of sqlite3.Cursor object at 0x0000026CA66C2AC0>)
[35mDEBUG   [0m aiosqlite:core.py:67 operation functools.partial(<built-in method fetchall of sqlite3.Cursor object at 0x0000026CA66C2AC0>) completed
[35mDEBUG   [0m aiosqlite:core.py:62 executing functools.partial(<built-in method close of sqlite3.Cursor object at 0x0000026CA66C2AC0>)
[35mDEBUG   [0m aiosqlite:core.py:67 operation functools.partial(<built-in method close of sqlite3.Cursor object at 0x0000026CA66C2AC0>) completed
[35mDEBUG   [0m aiosqlite:core.py:62 executing functools.partial(<built-in method cursor of sqlite3.Connection object at 0x0000026CA66D84F0>)
[35mDEBUG   [0m aiosqlite:core.py:67 operation functools.partial(<built-in method cursor of sqlite3.Connection object at 0x0000026CA66D84F0>) completed
[35mDEBUG   [0m aiosqlite:core.py:62 executing functools.partial(<built-in method execute of sqlite3.Cursor object at 0x0000026CA66C2BC0>, 'PRAGMA main.table_info("matching_results")', ())
[35mDEBUG   [0m aiosqlite:core.py:67 operation functools.partial(<built-in method execute of sqlite3.Cursor object at 0x0000026CA66C2BC0>, 'PRAGMA main.table_info("matching_results")', ()) completed
[35mDEBUG   [0m aiosqlite:core.py:62 executing functools.partial(<built-in method fetchall of sqlite3.Cursor object at 0x0000026CA66C2BC0>)
[35mDEBUG   [0m aiosqlite:core.py:67 operation functools.partial(<built-in method fetchall of sqlite3.Cursor object at 0x0000026CA66C2BC0>) completed
[35mDEBUG   [0m aiosqlite:core.py:62 executing functools.partial(<built-in method close of sqlite3.Cursor object at 0x0000026CA66C2BC0>)
[35mDEBUG   [0m aiosqlite:core.py:67 operation functools.partial(<built-in method close of sqlite3.Cursor object at 0x0000026CA66C2BC0>) completed
[35mDEBUG   [0m aiosqlite:core.py:62 executing functools.partial(<built-in method cursor of sqlite3.Connection object at 0x0000026CA66D84F0>)
[35mDEBUG   [0m aiosqlite:core.py:67 operation functools.partial(<built-in method cursor of sqlite3.Connection object at 0x0000026CA66D84F0>) completed
[35mDEBUG   [0m aiosqlite:core.py:62 executing functools.partial(<built-in method execute of sqlite3.Cursor object at 0x0000026CA66C2C40>, 'PRAGMA temp.table_info("matching_results")', ())
[35mDEBUG   [0m aiosqlite:core.py:67 operation functools.partial(<built-in method execute of sqlite3.Cursor object at 0x0000026CA66C2C40>, 'PRAGMA temp.table_info("matching_results")', ()) completed
[35mDEBUG   [0m aiosqlite:core.py:62 executing functools.partial(<built-in method fetchall of sqlite3.Cursor object at 0x0000026CA66C2C40>)
[35mDEBUG   [0m aiosqlite:core.py:67 operation functools.partial(<built-in method fetchall of sqlite3.Cursor object at 0x0000026CA66C2C40>) completed
[35mDEBUG   [0m aiosqlite:core.py:62 executing functools.partial(<built-in method close of sqlite3.Cursor object at 0x0000026CA66C2C40>)
[35mDEBUG   [0m aiosqlite:core.py:67 operation functools.partial(<built-in method close of sqlite3.Cursor object at 0x0000026CA66C2C40>) completed
[35mDEBUG   [0m aiosqlite:core.py:62 executing functools.partial(<built-in method cursor of sqlite3.Connection object at 0x0000026CA66D84F0>)
[35mDEBUG   [0m aiosqlite:core.py:67 operation functools.partial(<built-in method cursor of sqlite3.Connection object at 0x0000026CA66D84F0>) completed
[35mDEBUG   [0m aiosqlite:core.py:62 executing functools.partial(<built-in method execute of sqlite3.Cursor object at 0x0000026CA66C2CC0>, 'PRAGMA main.table_info("risk_assessments")', ())
[35mDEBUG   [0m aiosqlite:core.py:67 operation functools.partial(<built-in method execute of sqlite3.Cursor object at 0x0000026CA66C2CC0>, 'PRAGMA main.table_info("risk_assessments")', ()) completed
[35mDEBUG   [0m aiosqlite:core.py:62 executing functools.partial(<built-in method fetchall of sqlite3.Cursor object at 0x0000026CA66C2CC0>)
[35mDEBUG   [0m aiosqlite:core.py:67 operation functools.partial(<built-in method fetchall of sqlite3.Cursor object at 0x0000026CA66C2CC0>) completed
[35mDEBUG   [0m aiosqlite:core.py:62 executing functools.partial(<built-in method close of sqlite3.Cursor object at 0x0000026CA66C2CC0>)
[35mDEBUG   [0m aiosqlite:core.py:67 operation functools.partial(<built-in method close of sqlite3.Cursor object at 0x0000026CA66C2CC0>) completed
[35mDEBUG   [0m aiosqlite:core.py:62 executing functools.partial(<built-in method cursor of sqlite3.Connection object at 0x0000026CA66D84F0>)
[35mDEBUG   [0m aiosqlite:core.py:67 operation functools.partial(<built-in method cursor of sqlite3.Connection object at 0x0000026CA66D84F0>) completed
[35mDEBUG   [0m aiosqlite:core.py:62 executing functools.partial(<built-in method execute of sqlite3.Cursor object at 0x0000026CA66C2740>, 'PRAGMA temp.table_info("risk_assessments")', ())
[35mDEBUG   [0m aiosqlite:core.py:67 operation functools.partial(<built-in method execute of sqlite3.Cursor object at 0x0000026CA66C2740>, 'PRAGMA temp.table_info("risk_assessments")', ()) completed
[35mDEBUG   [0m aiosqlite:core.py:62 executing functools.partial(<built-in method fetchall of sqlite3.Cursor object at 0x0000026CA66C2740>)
[35mDEBUG   [0m aiosqlite:core.py:67 operation functools.partial(<built-in method fetchall of sqlite3.Cursor object at 0x0000026CA66C2740>) completed
[35mDEBUG   [0m aiosqlite:core.py:62 executing functools.partial(<built-in method close of sqlite3.Cursor object at 0x0000026CA66C2740>)
[35mDEBUG   [0m aiosqlite:core.py:67 operation functools.partial(<built-in method close of sqlite3.Cursor object at 0x0000026CA66C2740>) completed
[35mDEBUG   [0m aiosqlite:core.py:62 executing functools.partial(<built-in method cursor of sqlite3.Connection object at 0x0000026CA66D84F0>)
[35mDEBUG   [0m aiosqlite:core.py:67 operation functools.partial(<built-in method cursor of sqlite3.Connection object at 0x0000026CA66D84F0>) completed
[35mDEBUG   [0m aiosqlite:core.py:62 executing functools.partial(<built-in method execute of sqlite3.Cursor object at 0x0000026CA66C2E40>, 'PRAGMA main.table_info("users")', ())
[35mDEBUG   [0m aiosqlite:core.py:67 operation functools.partial(<built-in method execute of sqlite3.Cursor object at 0x0000026CA66C2E40>, 'PRAGMA main.table_info("users")', ()) completed
[35mDEBUG   [0m aiosqlite:core.py:62 executing functools.partial(<built-in method fetchall of sqlite3.Cursor object at 0x0000026CA66C2E40>)
[35mDEBUG   [0m aiosqlite:core.py:67 operation functools.partial(<built-in method fetchall of sqlite3.Cursor object at 0x0000026CA66C2E40>) completed
[35mDEBUG   [0m aiosqlite:core.py:62 executing functools.partial(<built-in method close of sqlite3.Cursor object at 0x0000026CA66C2E40>)
[35mDEBUG   [0m aiosqlite:core.py:67 operation functools.partial(<built-in method close of sqlite3.Cursor object at 0x0000026CA66C2E40>) completed
[35mDEBUG   [0m aiosqlite:core.py:62 executing functools.partial(<built-in method cursor of sqlite3.Connection object at 0x0000026CA66D84F0>)
[35mDEBUG   [0m aiosqlite:core.py:67 operation functools.partial(<built-in method cursor of sqlite3.Connection object at 0x0000026CA66D84F0>) completed
[35mDEBUG   [0m aiosqlite:core.py:62 executing functools.partial(<built-in method execute of sqlite3.Cursor object at 0x0000026CA66C2EC0>, 'PRAGMA temp.table_info("users")', ())
[35mDEBUG   [0m aiosqlite:core.py:67 operation functools.partial(<built-in method execute of sqlite3.Cursor object at 0x0000026CA66C2EC0>, 'PRAGMA temp.table_info("users")', ()) completed
[35mDEBUG   [0m aiosqlite:core.py:62 executing functools.partial(<built-in method fetchall of sqlite3.Cursor object at 0x0000026CA66C2EC0>)
[35mDEBUG   [0m aiosqlite:core.py:67 operation functools.partial(<built-in method fetchall of sqlite3.Cursor object at 0x0000026CA66C2EC0>) completed
[35mDEBUG   [0m aiosqlite:core.py:62 executing functools.partial(<built-in method close of sqlite3.Cursor object at 0x0000026CA66C2EC0>)
[35mDEBUG   [0m aiosqlite:core.py:67 operation functools.partial(<built-in method close of sqlite3.Cursor object at 0x0000026CA66C2EC0>) completed
[35mDEBUG   [0m aiosqlite:core.py:62 executing functools.partial(<built-in method cursor of sqlite3.Connection object at 0x0000026CA66D84F0>)
[35mDEBUG   [0m aiosqlite:core.py:67 operation functools.partial(<built-in method cursor of sqlite3.Connection object at 0x0000026CA66D84F0>) completed
[35mDEBUG   [0m aiosqlite:core.py:62 executing functools.partial(<built-in method execute of sqlite3.Cursor object at 0x0000026CA66C3040>, 'PRAGMA main.table_info("refresh_tokens")', ())
[35mDEBUG   [0m aiosqlite:core.py:67 operation functools.partial(<built-in method execute of sqlite3.Cursor object at 0x0000026CA66C3040>, 'PRAGMA main.table_info("refresh_tokens")', ()) completed
[35mDEBUG   [0m aiosqlite:core.py:62 executing functools.partial(<built-in method fetchall of sqlite3.Cursor object at 0x0000026CA66C3040>)
[35mDEBUG   [0m aiosqlite:core.py:67 operation functools.partial(<built-in method fetchall of sqlite3.Cursor object at 0x0000026CA66C3040>) completed
[35mDEBUG   [0m aiosqlite:core.py:62 executing functools.partial(<built-in method close of sqlite3.Cursor object at 0x0000026CA66C3040>)
[35mDEBUG   [0m aiosqlite:core.py:67 operation functools.partial(<built-in method close of sqlite3.Cursor object at 0x0000026CA66C3040>) completed
[35mDEBUG   [0m aiosqlite:core.py:62 executing functools.partial(<built-in method cursor of sqlite3.Connection object at 0x0000026CA66D84F0>)
[35mDEBUG   [0m aiosqlite:core.py:67 operation functools.partial(<built-in method cursor of sqlite3.Connection object at 0x0000026CA66D84F0>) completed
[35mDEBUG   [0m aiosqlite:core.py:62 executing functools.partial(<built-in method execute of sqlite3.Cursor object at 0x0000026CA66C30C0>, 'PRAGMA temp.table_info("refresh_tokens")', ())
[35mDEBUG   [0m aiosqlite:core.py:67 operation functools.partial(<built-in method execute of sqlite3.Cursor object at 0x0000026CA66C30C0>, 'PRAGMA temp.table_info("refresh_tokens")', ()) completed
[35mDEBUG   [0m aiosqlite:core.py:62 executing functools.partial(<built-in method fetchall of sqlite3.Cursor object at 0x0000026CA66C30C0>)
[35mDEBUG   [0m aiosqlite:core.py:67 operation functools.partial(<built-in method fetchall of sqlite3.Cursor object at 0x0000026CA66C30C0>) completed
[35mDEBUG   [0m aiosqlite:core.py:62 executing functools.partial(<built-in method close of sqlite3.Cursor object at 0x0000026CA66C30C0>)
[35mDEBUG   [0m aiosqlite:core.py:67 operation functools.partial(<built-in method close of sqlite3.Cursor object at 0x0000026CA66C30C0>) completed
[35mDEBUG   [0m aiosqlite:core.py:62 executing functools.partial(<built-in method cursor of sqlite3.Connection object at 0x0000026CA66D84F0>)
[35mDEBUG   [0m aiosqlite:core.py:67 operation functools.partial(<built-in method cursor of sqlite3.Connection object at 0x0000026CA66D84F0>) completed
[35mDEBUG   [0m aiosqlite:core.py:62 executing functools.partial(<built-in method execute of sqlite3.Cursor object at 0x0000026CA66C3140>, 'PRAGMA main.table_info("esign_requests")', ())
[35mDEBUG   [0m aiosqlite:core.py:67 operation functools.partial(<built-in method execute of sqlite3.Cursor object at 0x0000026CA66C3140>, 'PRAGMA main.table_info("esign_requests")', ()) completed
[35mDEBUG   [0m aiosqlite:core.py:62 executing functools.partial(<built-in method fetchall of sqlite3.Cursor object at 0x0000026CA66C3140>)
[35mDEBUG   [0m aiosqlite:core.py:67 operation functools.partial(<built-in method fetchall of sqlite3.Cursor object at 0x0000026CA66C3140>) completed
[35mDEBUG   [0m aiosqlite:core.py:62 executing functools.partial(<built-in method close of sqlite3.Cursor object at 0x0000026CA66C3140>)
[35mDEBUG   [0m aiosqlite:core.py:67 operation functools.partial(<built-in method close of sqlite3.Cursor object at 0x0000026CA66C3140>) completed
[35mDEBUG   [0m aiosqlite:core.py:62 executing functools.partial(<built-in method cursor of sqlite3.Connection object at 0x0000026CA66D84F0>)
[35mDEBUG   [0m aiosqlite:core.py:67 operation functools.partial(<built-in method cursor of sqlite3.Connection object at 0x0000026CA66D84F0>) completed
[35mDEBUG   [0m aiosqlite:core.py:62 executing functools.partial(<built-in method execute of sqlite3.Cursor object at 0x0000026CA66C3240>, 'PRAGMA temp.table_info("esign_requests")', ())
[35mDEBUG   [0m aiosqlite:core.py:67 operation functools.partial(<built-in method execute of sqlite3.Cursor object at 0x0000026CA66C3240>, 'PRAGMA temp.table_info("esign_requests")', ()) completed
[35mDEBUG   [0m aiosqlite:core.py:62 executing functools.partial(<built-in method fetchall of sqlite3.Cursor object at 0x0000026CA66C3240>)
[35mDEBUG   [0m aiosqlite:core.py:67 operation functools.partial(<built-in method fetchall of sqlite3.Cursor object at 0x0000026CA66C3240>) completed
[35mDEBUG   [0m aiosqlite:core.py:62 executing functools.partial(<built-in method close of sqlite3.Cursor object at 0x0000026CA66C3240>)
[35mDEBUG   [0m aiosqlite:core.py:67 operation functools.partial(<built-in method close of sqlite3.Cursor object at 0x0000026CA66C3240>) completed
[35mDEBUG   [0m aiosqlite:core.py:62 executing functools.partial(<built-in method cursor of sqlite3.Connection object at 0x0000026CA66D84F0>)
[35mDEBUG   [0m aiosqlite:core.py:67 operation functools.partial(<built-in method cursor of sqlite3.Connection object at 0x0000026CA66D84F0>) completed
[35mDEBUG   [0m aiosqlite:core.py:62 executing functools.partial(<built-in method execute of sqlite3.Cursor object at 0x0000026CA66C3340>, 'PRAGMA main.table_info("esign_signers")', ())
[35mDEBUG   [0m aiosqlite:core.py:67 operation functools.partial(<built-in method execute of sqlite3.Cursor object at 0x0000026CA66C3340>, 'PRAGMA main.table_info("esign_signers")', ()) completed
[35mDEBUG   [0m aiosqlite:core.py:62 executing functools.partial(<built-in method fetchall of sqlite3.Cursor object at 0x0000026CA66C3340>)
[35mDEBUG   [0m aiosqlite:core.py:67 operation functools.partial(<built-in method fetchall of sqlite3.Cursor object at 0x0000026CA66C3340>) completed
[35mDEBUG   [0m aiosqlite:core.py:62 executing functools.partial(<built-in method close of sqlite3.Cursor object at 0x0000026CA66C3340>)
[35mDEBUG   [0m aiosqlite:core.py:67 operation functools.partial(<built-in method close of sqlite3.Cursor object at 0x0000026CA66C3340>) completed
[35mDEBUG   [0m aiosqlite:core.py:62 executing functools.partial(<built-in method cursor of sqlite3.Connection object at 0x0000026CA66D84F0>)
[35mDEBUG   [0m aiosqlite:core.py:67 operation functools.partial(<built-in method cursor of sqlite3.Connection object at 0x0000026CA66D84F0>) completed
[35mDEBUG   [0m aiosqlite:core.py:62 executing functools.partial(<built-in method execute of sqlite3.Cursor object at 0x0000026CA66C32C0>, 'PRAGMA temp.table_info("esign_signers")', ())
[35mDEBUG   [0m aiosqlite:core.py:67 operation functools.partial(<built-in method execute of sqlite3.Cursor object at 0x0000026CA66C32C0>, 'PRAGMA temp.table_info("esign_signers")', ()) completed
[35mDEBUG   [0m aiosqlite:core.py:62 executing functools.partial(<built-in method fetchall of sqlite3.Cursor object at 0x0000026CA66C32C0>)
[35mDEBUG   [0m aiosqlite:core.py:67 operation functools.partial(<built-in method fetchall of sqlite3.Cursor object at 0x0000026CA66C32C0>) completed
[35mDEBUG   [0m aiosqlite:core.py:62 executing functools.partial(<built-in method close of sqlite3.Cursor object at 0x0000026CA66C32C0>)
[35mDEBUG   [0m aiosqlite:core.py:67 operation functools.partial(<built-in method close of sqlite3.Cursor object at 0x0000026CA66C32C0>) completed
[35mDEBUG   [0m aiosqlite:core.py:62 executing functools.partial(<built-in method cursor of sqlite3.Connection object at 0x0000026CA66D84F0>)
[35mDEBUG   [0m aiosqlite:core.py:67 operation functools.partial(<built-in method cursor of sqlite3.Connection object at 0x0000026CA66D84F0>) completed
[35mDEBUG   [0m aiosqlite:core.py:62 executing functools.partial(<built-in method execute of sqlite3.Cursor object at 0x0000026CA66C33C0>, 'PRAGMA main.table_info("esign_audit_logs")', ())
[35mDEBUG   [0m aiosqlite:core.py:67 operation functools.partial(<built-in method execute of sqlite3.Cursor object at 0x0000026CA66C33C0>, 'PRAGMA main.table_info("esign_audit_logs")', ()) completed
[35mDEBUG   [0m aiosqlite:core.py:62 executing functools.partial(<built-in method fetchall of sqlite3.Cursor object at 0x0000026CA66C33C0>)
[35mDEBUG   [0m aiosqlite:core.py:67 operation functools.partial(<built-in method fetchall of sqlite3.Cursor object at 0x0000026CA66C33C0>) completed
[35mDEBUG   [0m aiosqlite:core.py:62 executing functools.partial(<built-in method close of sqlite3.Cursor object at 0x0000026CA66C33C0>)
[35mDEBUG   [0m aiosqlite:core.py:67 operation functools.partial(<built-in method close of sqlite3.Cursor object at 0x0000026CA66C33C0>) completed
[35mDEBUG   [0m aiosqlite:core.py:62 executing functools.partial(<built-in method cursor of sqlite3.Connection object at 0x0000026CA66D84F0>)
[35mDEBUG   [0m aiosqlite:core.py:67 operation functools.partial(<built-in method cursor of sqlite3.Connection object at 0x0000026CA66D84F0>) completed
[35mDEBUG   [0m aiosqlite:core.py:62 executing functools.partial(<built-in method execute of sqlite3.Cursor object at 0x0000026CA66C3440>, 'PRAGMA temp.table_info("esign_audit_logs")', ())
[35mDEBUG   [0m aiosqlite:core.py:67 operation functools.partial(<built-in method execute of sqlite3.Cursor object at 0x0000026CA66C3440>, 'PRAGMA temp.table_info("esign_audit_logs")', ()) completed
[35mDEBUG   [0m aiosqlite:core.py:62 executing functools.partial(<built-in method fetchall of sqlite3.Cursor object at 0x0000026CA66C3440>)
[35mDEBUG   [0m aiosqlite:core.py:67 operation functools.partial(<built-in method fetchall of sqlite3.Cursor object at 0x0000026CA66C3440>) completed
[35mDEBUG   [0m aiosqlite:core.py:62 executing functools.partial(<built-in method close of sqlite3.Cursor object at 0x0000026CA66C3440>)
[35mDEBUG   [0m aiosqlite:core.py:67 operation functools.partial(<built-in method close of sqlite3.Cursor object at 0x0000026CA66C3440>) completed
[35mDEBUG   [0m aiosqlite:core.py:62 executing functools.partial(<built-in method cursor of sqlite3.Connection object at 0x0000026CA66D84F0>)
[35mDEBUG   [0m aiosqlite:core.py:67 operation functools.partial(<built-in method cursor of sqlite3.Connection object at 0x0000026CA66D84F0>) completed
[35mDEBUG   [0m aiosqlite:core.py:62 executing functools.partial(<built-in method execute of sqlite3.Cursor object at 0x0000026CA66C34C0>, 'PRAGMA main.table_info("esign_webhooks")', ())
[35mDEBUG   [0m aiosqlite:core.py:67 operation functools.partial(<built-in method execute of sqlite3.Cursor object at 0x0000026CA66C34C0>, 'PRAGMA main.table_info("esign_webhooks")', ()) completed
[35mDEBUG   [0m aiosqlite:core.py:62 executing functools.partial(<built-in method fetchall of sqlite3.Cursor object at 0x0000026CA66C34C0>)
[35mDEBUG   [0m aiosqlite:core.py:67 operation functools.partial(<built-in method fetchall of sqlite3.Cursor object at 0x0000026CA66C34C0>) completed
[35mDEBUG   [0m aiosqlite:core.py:62 executing functools.partial(<built-in method close of sqlite3.Cursor object at 0x0000026CA66C34C0>)
[35mDEBUG   [0m aiosqlite:core.py:67 operation functools.partial(<built-in method close of sqlite3.Cursor object at 0x0000026CA66C34C0>) completed
[35mDEBUG   [0m aiosqlite:core.py:62 executing functools.partial(<built-in method cursor of sqlite3.Connection object at 0x0000026CA66D84F0>)
[35mDEBUG   [0m aiosqlite:core.py:67 operation functools.partial(<built-in method cursor of sqlite3.Connection object at 0x0000026CA66D84F0>) completed
[35mDEBUG   [0m aiosqlite:core.py:62 executing functools.partial(<built-in method execute of sqlite3.Cursor object at 0x0000026CA66C3540>, 'PRAGMA temp.table_info("esign_webhooks")', ())
[35mDEBUG   [0m aiosqlite:core.py:67 operation functools.partial(<built-in method execute of sqlite3.Cursor object at 0x0000026CA66C3540>, 'PRAGMA temp.table_info("esign_webhooks")', ()) completed
[35mDEBUG   [0m aiosqlite:core.py:62 executing functools.partial(<built-in method fetchall of sqlite3.Cursor object at 0x0000026CA66C3540>)
[35mDEBUG   [0m aiosqlite:core.py:67 operation functools.partial(<built-in method fetchall of sqlite3.Cursor object at 0x0000026CA66C3540>) completed
[35mDEBUG   [0m aiosqlite:core.py:62 executing functools.partial(<built-in method close of sqlite3.Cursor object at 0x0000026CA66C3540>)
[35mDEBUG   [0m aiosqlite:core.py:67 operation functools.partial(<built-in method close of sqlite3.Cursor object at 0x0000026CA66C3540>) completed
[35mDEBUG   [0m aiosqlite:core.py:62 executing functools.partial(<built-in method cursor of sqlite3.Connection object at 0x0000026CA66D84F0>)
[35mDEBUG   [0m aiosqlite:core.py:67 operation functools.partial(<built-in method cursor of sqlite3.Connection object at 0x0000026CA66D84F0>) completed
[35mDEBUG   [0m aiosqlite:core.py:62 executing functools.partial(<built-in method execute of sqlite3.Cursor object at 0x0000026CA66C35C0>, 'PRAGMA main.table_info("erp_connections")', ())
[35mDEBUG   [0m aiosqlite:core.py:67 operation functools.partial(<built-in method execute of sqlite3.Cursor object at 0x0000026CA66C35C0>, 'PRAGMA main.table_info("erp_connections")', ()) completed
[35mDEBUG   [0m aiosqlite:core.py:62 executing functools.partial(<built-in method fetchall of sqlite3.Cursor object at 0x0000026CA66C35C0>)
[35mDEBUG   [0m aiosqlite:core.py:67 operation functools.partial(<built-in method fetchall of sqlite3.Cursor object at 0x0000026CA66C35C0>) completed
[35mDEBUG   [0m aiosqlite:core.py:62 executing functools.partial(<built-in method close of sqlite3.Cursor object at 0x0000026CA66C35C0>)
[35mDEBUG   [0m aiosqlite:core.py:67 operation functools.partial(<built-in method close of sqlite3.Cursor object at 0x0000026CA66C35C0>) completed
[35mDEBUG   [0m aiosqlite:core.py:62 executing functools.partial(<built-in method cursor of sqlite3.Connection object at 0x0000026CA66D84F0>)
[35mDEBUG   [0m aiosqlite:core.py:67 operation functools.partial(<built-in method cursor of sqlite3.Connection object at 0x0000026CA66D84F0>) completed
[35mDEBUG   [0m aiosqlite:core.py:62 executing functools.partial(<built-in method execute of sqlite3.Cursor object at 0x0000026CA66C3640>, 'PRAGMA temp.table_info("erp_connections")', ())
[35mDEBUG   [0m aiosqlite:core.py:67 operation functools.partial(<built-in method execute of sqlite3.Cursor object at 0x0000026CA66C3640>, 'PRAGMA temp.table_info("erp_connections")', ()) completed
[35mDEBUG   [0m aiosqlite:core.py:62 executing functools.partial(<built-in method fetchall of sqlite3.Cursor object at 0x0000026CA66C3640>)
[35mDEBUG   [0m aiosqlite:core.py:67 operation functools.partial(<built-in method fetchall of sqlite3.Cursor object at 0x0000026CA66C3640>) completed
[35mDEBUG   [0m aiosqlite:core.py:62 executing functools.partial(<built-in method close of sqlite3.Cursor object at 0x0000026CA66C3640>)
[35mDEBUG   [0m aiosqlite:core.py:67 operation functools.partial(<built-in method close of sqlite3.Cursor object at 0x0000026CA66C3640>) completed
[35mDEBUG   [0m aiosqlite:core.py:62 executing functools.partial(<built-in method cursor of sqlite3.Connection object at 0x0000026CA66D84F0>)
[35mDEBUG   [0m aiosqlite:core.py:67 operation functools.partial(<built-in method cursor of sqlite3.Connection object at 0x0000026CA66D84F0>) completed
[35mDEBUG   [0m aiosqlite:core.py:62 executing functools.partial(<built-in method execute of sqlite3.Cursor object at 0x0000026CA66C36C0>, 'PRAGMA main.table_info("erp_sync_logs")', ())
[35mDEBUG   [0m aiosqlite:core.py:67 operation functools.partial(<built-in method execute of sqlite3.Cursor object at 0x0000026CA66C36C0>, 'PRAGMA main.table_info("erp_sync_logs")', ()) completed
[35mDEBUG   [0m aiosqlite:core.py:62 executing functools.partial(<built-in method fetchall of sqlite3.Cursor object at 0x0000026CA66C36C0>)
[35mDEBUG   [0m aiosqlite:core.py:67 operation functools.partial(<built-in method fetchall of sqlite3.Cursor object at 0x0000026CA66C36C0>) completed
[35mDEBUG   [0m aiosqlite:core.py:62 executing functools.partial(<built-in method close of sqlite3.Cursor object at 0x0000026CA66C36C0>)
[35mDEBUG   [0m aiosqlite:core.py:67 operation functools.partial(<built-in method close of sqlite3.Cursor object at 0x0000026CA66C36C0>) completed
[35mDEBUG   [0m aiosqlite:core.py:62 executing functools.partial(<built-in method cursor of sqlite3.Connection object at 0x0000026CA66D84F0>)
[35mDEBUG   [0m aiosqlite:core.py:67 operation functools.partial(<built-in method cursor of sqlite3.Connection object at 0x0000026CA66D84F0>) completed
[35mDEBUG   [0m aiosqlite:core.py:62 executing functools.partial(<built-in method execute of sqlite3.Cursor object at 0x0000026CA66C3740>, 'PRAGMA temp.table_info("erp_sync_logs")', ())
[35mDEBUG   [0m aiosqlite:core.py:67 operation functools.partial(<built-in method execute of sqlite3.Cursor object at 0x0000026CA66C3740>, 'PRAGMA temp.table_info("erp_sync_logs")', ()) completed
[35mDEBUG   [0m aiosqlite:core.py:62 executing functools.partial(<built-in method fetchall of sqlite3.Cursor object at 0x0000026CA66C3740>)
[35mDEBUG   [0m aiosqlite:core.py:67 operation functools.partial(<built-in method fetchall of sqlite3.Cursor object at 0x0000026CA66C3740>) completed
[35mDEBUG   [0m aiosqlite:core.py:62 executing functools.partial(<built-in method close of sqlite3.Cursor object at 0x0000026CA66C3740>)
[35mDEBUG   [0m aiosqlite:core.py:67 operation functools.partial(<built-in method close of sqlite3.Cursor object at 0x0000026CA66C3740>) completed
[35mDEBUG   [0m aiosqlite:core.py:62 executing functools.partial(<built-in method cursor of sqlite3.Connection object at 0x0000026CA66D84F0>)
[35mDEBUG   [0m aiosqlite:core.py:67 operation functools.partial(<built-in method cursor of sqlite3.Connection object at 0x0000026CA66D84F0>) completed
[35mDEBUG   [0m aiosqlite:core.py:62 executing functools.partial(<built-in method execute of sqlite3.Cursor object at 0x0000026CA66C37C0>, 'PRAGMA main.table_info("erp_field_mappings")', ())
[35mDEBUG   [0m aiosqlite:core.py:67 operation functools.partial(<built-in method execute of sqlite3.Cursor object at 0x0000026CA66C37C0>, 'PRAGMA main.table_info("erp_field_mappings")', ()) completed
[35mDEBUG   [0m aiosqlite:core.py:62 executing functools.partial(<built-in method fetchall of sqlite3.Cursor object at 0x0000026CA66C37C0>)
[35mDEBUG   [0m aiosqlite:core.py:67 operation functools.partial(<built-in method fetchall of sqlite3.Cursor object at 0x0000026CA66C37C0>) completed
[35mDEBUG   [0m aiosqlite:core.py:62 executing functools.partial(<built-in method close of sqlite3.Cursor object at 0x0000026CA66C37C0>)
[35mDEBUG   [0m aiosqlite:core.py:67 operation functools.partial(<built-in method close of sqlite3.Cursor object at 0x0000026CA66C37C0>) completed
[35mDEBUG   [0m aiosqlite:core.py:62 executing functools.partial(<built-in method cursor of sqlite3.Connection object at 0x0000026CA66D84F0>)
[35mDEBUG   [0m aiosqlite:core.py:67 operation functools.partial(<built-in method cursor of sqlite3.Connection object at 0x0000026CA66D84F0>) completed
[35mDEBUG   [0m aiosqlite:core.py:62 executing functools.partial(<built-in method execute of sqlite3.Cursor object at 0x0000026CA66C3840>, 'PRAGMA temp.table_info("erp_field_mappings")', ())
[35mDEBUG   [0m aiosqlite:core.py:67 operation functools.partial(<built-in method execute of sqlite3.Cursor object at 0x0000026CA66C3840>, 'PRAGMA temp.table_info("erp_field_mappings")', ()) completed
[35mDEBUG   [0m aiosqlite:core.py:62 executing functools.partial(<built-in method fetchall of sqlite3.Cursor object at 0x0000026CA66C3840>)
[35mDEBUG   [0m aiosqlite:core.py:67 operation functools.partial(<built-in method fetchall of sqlite3.Cursor object at 0x0000026CA66C3840>) completed
[35mDEBUG   [0m aiosqlite:core.py:62 executing functools.partial(<built-in method close of sqlite3.Cursor object at 0x0000026CA66C3840>)
[35mDEBUG   [0m aiosqlite:core.py:67 operation functools.partial(<built-in method close of sqlite3.Cursor object at 0x0000026CA66C3840>) completed
[35mDEBUG   [0m aiosqlite:core.py:62 executing functools.partial(<built-in method cursor of sqlite3.Connection object at 0x0000026CA66D84F0>)
[35mDEBUG   [0m aiosqlite:core.py:67 operation functools.partial(<built-in method cursor of sqlite3.Connection object at 0x0000026CA66D84F0>) completed
[35mDEBUG   [0m aiosqlite:core.py:62 executing functools.partial(<built-in method execute of sqlite3.Cursor object at 0x0000026CA66C2FC0>, 'PRAGMA main.table_info("erp_vendor_mappings")', ())
[35mDEBUG   [0m aiosqlite:core.py:67 operation functools.partial(<built-in method execute of sqlite3.Cursor object at 0x0000026CA66C2FC0>, 'PRAGMA main.table_info("erp_vendor_mappings")', ()) completed
[35mDEBUG   [0m aiosqlite:core.py:62 executing functools.partial(<built-in method fetchall of sqlite3.Cursor object at 0x0000026CA66C2FC0>)
[35mDEBUG   [0m aiosqlite:core.py:67 operation functools.partial(<built-in method fetchall of sqlite3.Cursor object at 0x0000026CA66C2FC0>) completed
[35mDEBUG   [0m aiosqlite:core.py:62 executing functools.partial(<built-in method close of sqlite3.Cursor object at 0x0000026CA66C2FC0>)
[35mDEBUG   [0m aiosqlite:core.py:67 operation functools.partial(<built-in method close of sqlite3.Cursor object at 0x0000026CA66C2FC0>) completed
[35mDEBUG   [0m aiosqlite:core.py:62 executing functools.partial(<built-in method cursor of sqlite3.Connection object at 0x0000026CA66D84F0>)
[35mDEBUG   [0m aiosqlite:core.py:67 operation functools.partial(<built-in method cursor of sqlite3.Connection object at 0x0000026CA66D84F0>) completed
[35mDEBUG   [0m aiosqlite:core.py:62 executing functools.partial(<built-in method execute of sqlite3.Cursor object at 0x0000026CA66C38C0>, 'PRAGMA temp.table_info("erp_vendor_mappings")', ())
[35mDEBUG   [0m aiosqlite:core.py:67 operation functools.partial(<built-in method execute of sqlite3.Cursor object at 0x0000026CA66C38C0>, 'PRAGMA temp.table_info("erp_vendor_mappings")', ()) completed
[35mDEBUG   [0m aiosqlite:core.py:62 executing functools.partial(<built-in method fetchall of sqlite3.Cursor object at 0x0000026CA66C38C0>)
[35mDEBUG   [0m aiosqlite:core.py:67 operation functools.partial(<built-in method fetchall of sqlite3.Cursor object at 0x0000026CA66C38C0>) completed
[35mDEBUG   [0m aiosqlite:core.py:62 executing functools.partial(<built-in method close of sqlite3.Cursor object at 0x0000026CA66C38C0>)
[35mDEBUG   [0m aiosqlite:core.py:67 operation functools.partial(<built-in method close of sqlite3.Cursor object at 0x0000026CA66C38C0>) completed
[35mDEBUG   [0m aiosqlite:core.py:62 executing functools.partial(<built-in method cursor of sqlite3.Connection object at 0x0000026CA66D84F0>)
[35mDEBUG   [0m aiosqlite:core.py:67 operation functools.partial(<built-in method cursor of sqlite3.Connection object at 0x0000026CA66D84F0>) completed
[35mDEBUG   [0m aiosqlite:core.py:62 executing functools.partial(<built-in method execute of sqlite3.Cursor object at 0x0000026CA66C3940>, 'PRAGMA main.table_info("erp_invoice_mappings")', ())
[35mDEBUG   [0m aiosqlite:core.py:67 operation functools.partial(<built-in method execute of sqlite3.Cursor object at 0x0000026CA66C3940>, 'PRAGMA main.table_info("erp_invoice_mappings")', ()) completed
[35mDEBUG   [0m aiosqlite:core.py:62 executing functools.partial(<built-in method fetchall of sqlite3.Cursor object at 0x0000026CA66C3940>)
[35mDEBUG   [0m aiosqlite:core.py:67 operation functools.partial(<built-in method fetchall of sqlite3.Cursor object at 0x0000026CA66C3940>) completed
[35mDEBUG   [0m aiosqlite:core.py:62 executing functools.partial(<built-in method close of sqlite3.Cursor object at 0x0000026CA66C3940>)
[35mDEBUG   [0m aiosqlite:core.py:67 operation functools.partial(<built-in method close of sqlite3.Cursor object at 0x0000026CA66C3940>) completed
[35mDEBUG   [0m aiosqlite:core.py:62 executing functools.partial(<built-in method cursor of sqlite3.Connection object at 0x0000026CA66D84F0>)
[35mDEBUG   [0m aiosqlite:core.py:67 operation functools.partial(<built-in method cursor of sqlite3.Connection object at 0x0000026CA66D84F0>) completed
[35mDEBUG   [0m aiosqlite:core.py:62 executing functools.partial(<built-in method execute of sqlite3.Cursor object at 0x0000026CA66C39C0>, 'PRAGMA temp.table_info("erp_invoice_mappings")', ())
[35mDEBUG   [0m aiosqlite:core.py:67 operation functools.partial(<built-in method execute of sqlite3.Cursor object at 0x0000026CA66C39C0>, 'PRAGMA temp.table_info("erp_invoice_mappings")', ()) completed
[35mDEBUG   [0m aiosqlite:core.py:62 executing functools.partial(<built-in method fetchall of sqlite3.Cursor object at 0x0000026CA66C39C0>)
[35mDEBUG   [0m aiosqlite:core.py:67 operation functools.partial(<built-in method fetchall of sqlite3.Cursor object at 0x0000026CA66C39C0>) completed
[35mDEBUG   [0m aiosqlite:core.py:62 executing functools.partial(<built-in method close of sqlite3.Cursor object at 0x0000026CA66C39C0>)
[35mDEBUG   [0m aiosqlite:core.py:67 operation functools.partial(<built-in method close of sqlite3.Cursor object at 0x0000026CA66C39C0>) completed
[35mDEBUG   [0m aiosqlite:core.py:62 executing functools.partial(<built-in method cursor of sqlite3.Connection object at 0x0000026CA66D84F0>)
[35mDEBUG   [0m aiosqlite:core.py:67 operation functools.partial(<built-in method cursor of sqlite3.Connection object at 0x0000026CA66D84F0>) completed
[35mDEBUG   [0m aiosqlite:core.py:62 executing functools.partial(<built-in method execute of sqlite3.Cursor object at 0x0000026CA66C3A40>, 'PRAGMA main.table_info("approval_chains")', ())
[35mDEBUG   [0m aiosqlite:core.py:67 operation functools.partial(<built-in method execute of sqlite3.Cursor object at 0x0000026CA66C3A40>, 'PRAGMA main.table_info("approval_chains")', ()) completed
[35mDEBUG   [0m aiosqlite:core.py:62 executing functools.partial(<built-in method fetchall of sqlite3.Cursor object at 0x0000026CA66C3A40>)
[35mDEBUG   [0m aiosqlite:core.py:67 operation functools.partial(<built-in method fetchall of sqlite3.Cursor object at 0x0000026CA66C3A40>) completed
[35mDEBUG   [0m aiosqlite:core.py:62 executing functools.partial(<built-in method close of sqlite3.Cursor object at 0x0000026CA66C3A40>)
[35mDEBUG   [0m aiosqlite:core.py:67 operation functools.partial(<built-in method close of sqlite3.Cursor object at 0x0000026CA66C3A40>) completed
[35mDEBUG   [0m aiosqlite:core.py:62 executing functools.partial(<built-in method cursor of sqlite3.Connection object at 0x0000026CA66D84F0>)
[35mDEBUG   [0m aiosqlite:core.py:67 operation functools.partial(<built-in method cursor of sqlite3.Connection object at 0x0000026CA66D84F0>) completed
[35mDEBUG   [0m aiosqlite:core.py:62 executing functools.partial(<built-in method execute of sqlite3.Cursor object at 0x0000026CA66C3AC0>, 'PRAGMA temp.table_info("approval_chains")', ())
[35mDEBUG   [0m aiosqlite:core.py:67 operation functools.partial(<built-in method execute of sqlite3.Cursor object at 0x0000026CA66C3AC0>, 'PRAGMA temp.table_info("approval_chains")', ()) completed
[35mDEBUG   [0m aiosqlite:core.py:62 executing functools.partial(<built-in method fetchall of sqlite3.Cursor object at 0x0000026CA66C3AC0>)
[35mDEBUG   [0m aiosqlite:core.py:67 operation functools.partial(<built-in method fetchall of sqlite3.Cursor object at 0x0000026CA66C3AC0>) completed
[35mDEBUG   [0m aiosqlite:core.py:62 executing functools.partial(<built-in method close of sqlite3.Cursor object at 0x0000026CA66C3AC0>)
[35mDEBUG   [0m aiosqlite:core.py:67 operation functools.partial(<built-in method close of sqlite3.Cursor object at 0x0000026CA66C3AC0>) completed
[35mDEBUG   [0m aiosqlite:core.py:62 executing functools.partial(<built-in method cursor of sqlite3.Connection object at 0x0000026CA66D84F0>)
[35mDEBUG   [0m aiosqlite:core.py:67 operation functools.partial(<built-in method cursor of sqlite3.Connection object at 0x0000026CA66D84F0>) completed
[35mDEBUG   [0m aiosqlite:core.py:62 executing functools.partial(<built-in method execute of sqlite3.Cursor object at 0x0000026CA66C3B40>, 'PRAGMA main.table_info("approval_levels")', ())
[35mDEBUG   [0m aiosqlite:core.py:67 operation functools.partial(<built-in method execute of sqlite3.Cursor object at 0x0000026CA66C3B40>, 'PRAGMA main.table_info("approval_levels")', ()) completed
[35mDEBUG   [0m aiosqlite:core.py:62 executing functools.partial(<built-in method fetchall of sqlite3.Cursor object at 0x0000026CA66C3B40>)
[35mDEBUG   [0m aiosqlite:core.py:67 operation functools.partial(<built-in method fetchall of sqlite3.Cursor object at 0x0000026CA66C3B40>) completed
[35mDEBUG   [0m aiosqlite:core.py:62 executing functools.partial(<built-in method close of sqlite3.Cursor object at 0x0000026CA66C3B40>)
[35mDEBUG   [0m aiosqlite:core.py:67 operation functools.partial(<built-in method close of sqlite3.Cursor object at 0x0000026CA66C3B40>) completed
[35mDEBUG   [0m aiosqlite:core.py:62 executing functools.partial(<built-in method cursor of sqlite3.Connection object at 0x0000026CA66D84F0>)
[35mDEBUG   [0m aiosqlite:core.py:67 operation functools.partial(<built-in method cursor of sqlite3.Connection object at 0x0000026CA66D84F0>) completed
[35mDEBUG   [0m aiosqlite:core.py:62 executing functools.partial(<built-in method execute of sqlite3.Cursor object at 0x0000026CA66C3BC0>, 'PRAGMA temp.table_info("approval_levels")', ())
[35mDEBUG   [0m aiosqlite:core.py:67 operation functools.partial(<built-in method execute of sqlite3.Cursor object at 0x0000026CA66C3BC0>, 'PRAGMA temp.table_info("approval_levels")', ()) completed
[35mDEBUG   [0m aiosqlite:core.py:62 executing functools.partial(<built-in method fetchall of sqlite3.Cursor object at 0x0000026CA66C3BC0>)
[35mDEBUG   [0m aiosqlite:core.py:67 operation functools.partial(<built-in method fetchall of sqlite3.Cursor object at 0x0000026CA66C3BC0>) completed
[35mDEBUG   [0m aiosqlite:core.py:62 executing functools.partial(<built-in method close of sqlite3.Cursor object at 0x0000026CA66C3BC0>)
[35mDEBUG   [0m aiosqlite:core.py:67 operation functools.partial(<built-in method close of sqlite3.Cursor object at 0x0000026CA66C3BC0>) completed
[35mDEBUG   [0m aiosqlite:core.py:62 executing functools.partial(<built-in method cursor of sqlite3.Connection object at 0x0000026CA66D84F0>)
[35mDEBUG   [0m aiosqlite:core.py:67 operation functools.partial(<built-in method cursor of sqlite3.Connection object at 0x0000026CA66D84F0>) completed
[35mDEBUG   [0m aiosqlite:core.py:62 executing functools.partial(<built-in method execute of sqlite3.Cursor object at 0x0000026CA66C3C40>, 'PRAGMA main.table_info("approval_workflows")', ())
[35mDEBUG   [0m aiosqlite:core.py:67 operation functools.partial(<built-in method execute of sqlite3.Cursor object at 0x0000026CA66C3C40>, 'PRAGMA main.table_info("approval_workflows")', ()) completed
[35mDEBUG   [0m aiosqlite:core.py:62 executing functools.partial(<built-in method fetchall of sqlite3.Cursor object at 0x0000026CA66C3C40>)
[35mDEBUG   [0m aiosqlite:core.py:67 operation functools.partial(<built-in method fetchall of sqlite3.Cursor object at 0x0000026CA66C3C40>) completed
[35mDEBUG   [0m aiosqlite:core.py:62 executing functools.partial(<built-in method close of sqlite3.Cursor object at 0x0000026CA66C3C40>)
[35mDEBUG   [0m aiosqlite:core.py:67 operation functools.partial(<built-in method close of sqlite3.Cursor object at 0x0000026CA66C3C40>) completed
[35mDEBUG   [0m aiosqlite:core.py:62 executing functools.partial(<built-in method cursor of sqlite3.Connection object at 0x0000026CA66D84F0>)
[35mDEBUG   [0m aiosqlite:core.py:67 operation functools.partial(<built-in method cursor of sqlite3.Connection object at 0x0000026CA66D84F0>) completed
[35mDEBUG   [0m aiosqlite:core.py:62 executing functools.partial(<built-in method execute of sqlite3.Cursor object at 0x0000026CA66C3CC0>, 'PRAGMA temp.table_info("approval_workflows")', ())
[35mDEBUG   [0m aiosqlite:core.py:67 operation functools.partial(<built-in method execute of sqlite3.Cursor object at 0x0000026CA66C3CC0>, 'PRAGMA temp.table_info("approval_workflows")', ()) completed
[35mDEBUG   [0m aiosqlite:core.py:62 executing functools.partial(<built-in method fetchall of sqlite3.Cursor object at 0x0000026CA66C3CC0>)
[35mDEBUG   [0m aiosqlite:core.py:67 operation functools.partial(<built-in method fetchall of sqlite3.Cursor object at 0x0000026CA66C3CC0>) completed
[35mDEBUG   [0m aiosqlite:core.py:62 executing functools.partial(<built-in method close of sqlite3.Cursor object at 0x0000026CA66C3CC0>)
[35mDEBUG   [0m aiosqlite:core.py:67 operation functools.partial(<built-in method close of sqlite3.Cursor object at 0x0000026CA66C3CC0>) completed
[35mDEBUG   [0m aiosqlite:core.py:62 executing functools.partial(<built-in method cursor of sqlite3.Connection object at 0x0000026CA66D84F0>)
[35mDEBUG   [0m aiosqlite:core.py:67 operation functools.partial(<built-in method cursor of sqlite3.Connection object at 0x0000026CA66D84F0>) completed
[35mDEBUG   [0m aiosqlite:core.py:62 executing functools.partial(<built-in method execute of sqlite3.Cursor object at 0x0000026CA66C3D40>, 'PRAGMA main.table_info("approval_actions")', ())
[35mDEBUG   [0m aiosqlite:core.py:67 operation functools.partial(<built-in method execute of sqlite3.Cursor object at 0x0000026CA66C3D40>, 'PRAGMA main.table_info("approval_actions")', ()) completed
[35mDEBUG   [0m aiosqlite:core.py:62 executing functools.partial(<built-in method fetchall of sqlite3.Cursor object at 0x0000026CA66C3D40>)
[35mDEBUG   [0m aiosqlite:core.py:67 operation functools.partial(<built-in method fetchall of sqlite3.Cursor object at 0x0000026CA66C3D40>) completed
[35mDEBUG   [0m aiosqlite:core.py:62 executing functools.partial(<built-in method close of sqlite3.Cursor object at 0x0000026CA66C3D40>)
[35mDEBUG   [0m aiosqlite:core.py:67 operation functools.partial(<built-in method close of sqlite3.Cursor object at 0x0000026CA66C3D40>) completed
[35mDEBUG   [0m aiosqlite:core.py:62 executing functools.partial(<built-in method cursor of sqlite3.Connection object at 0x0000026CA66D84F0>)
[35mDEBUG   [0m aiosqlite:core.py:67 operation functools.partial(<built-in method cursor of sqlite3.Connection object at 0x0000026CA66D84F0>) completed
[35mDEBUG   [0m aiosqlite:core.py:62 executing functools.partial(<built-in method execute of sqlite3.Cursor object at 0x0000026CA66C3DC0>, 'PRAGMA temp.table_info("approval_actions")', ())
[35mDEBUG   [0m aiosqlite:core.py:67 operation functools.partial(<built-in method execute of sqlite3.Cursor object at 0x0000026CA66C3DC0>, 'PRAGMA temp.table_info("approval_actions")', ()) completed
[35mDEBUG   [0m aiosqlite:core.py:62 executing functools.partial(<built-in method fetchall of sqlite3.Cursor object at 0x0000026CA66C3DC0>)
[35mDEBUG   [0m aiosqlite:core.py:67 operation functools.partial(<built-in method fetchall of sqlite3.Cursor object at 0x0000026CA66C3DC0>) completed
[35mDEBUG   [0m aiosqlite:core.py:62 executing functools.partial(<built-in method close of sqlite3.Cursor object at 0x0000026CA66C3DC0>)
[35mDEBUG   [0m aiosqlite:core.py:67 operation functools.partial(<built-in method close of sqlite3.Cursor object at 0x0000026CA66C3DC0>) completed
[35mDEBUG   [0m aiosqlite:core.py:62 executing functools.partial(<built-in method cursor of sqlite3.Connection object at 0x0000026CA66D84F0>)
[35mDEBUG   [0m aiosqlite:core.py:67 operation functools.partial(<built-in method cursor of sqlite3.Connection object at 0x0000026CA66D84F0>) completed
[35mDEBUG   [0m aiosqlite:core.py:62 executing functools.partial(<built-in method execute of sqlite3.Cursor object at 0x0000026CA66C3E40>, 'PRAGMA main.table_info("approval_notifications")', ())
[35mDEBUG   [0m aiosqlite:core.py:67 operation functools.partial(<built-in method execute of sqlite3.Cursor object at 0x0000026CA66C3E40>, 'PRAGMA main.table_info("approval_notifications")', ()) completed
[35mDEBUG   [0m aiosqlite:core.py:62 executing functools.partial(<built-in method fetchall of sqlite3.Cursor object at 0x0000026CA66C3E40>)
[35mDEBUG   [0m aiosqlite:core.py:67 operation functools.partial(<built-in method fetchall of sqlite3.Cursor object at 0x0000026CA66C3E40>) completed
[35mDEBUG   [0m aiosqlite:core.py:62 executing functools.partial(<built-in method close of sqlite3.Cursor object at 0x0000026CA66C3E40>)
[35mDEBUG   [0m aiosqlite:core.py:67 operation functools.partial(<built-in method close of sqlite3.Cursor object at 0x0000026CA66C3E40>) completed
[35mDEBUG   [0m aiosqlite:core.py:62 executing functools.partial(<built-in method cursor of sqlite3.Connection object at 0x0000026CA66D84F0>)
[35mDEBUG   [0m aiosqlite:core.py:67 operation functools.partial(<built-in method cursor of sqlite3.Connection object at 0x0000026CA66D84F0>) completed
[35mDEBUG   [0m aiosqlite:core.py:62 executing functools.partial(<built-in method execute of sqlite3.Cursor object at 0x0000026CA66C3EC0>, 'PRAGMA temp.table_info("approval_notifications")', ())
[...]
[35mDEBUG   [0m aiosqlite:core.py:62 executing functools.partial(<built-in method execute of sqlite3.Cursor object at 0x0000026CA688AB40>, 'CREATE UNIQUE INDEX ix_archived_documents_invoice_id ON archived_documents (invoice_id)', ())
[35mDEBUG   [0m aiosqlite:core.py:67 operation functools.partial(<built-in method execute of sqlite3.Cursor object at 0x0000026CA688AB40>, 'CREATE UNIQUE INDEX ix_archived_documents_invoice_id ON archived_documents (invoice_id)', ()) completed
[35mDEBUG   [0m aiosqlite:core.py:62 executing functools.partial(<built-in method close of sqlite3.Cursor object at 0x0000026CA688AB40>)
[35mDEBUG   [0m aiosqlite:core.py:67 operation functools.partial(<built-in method close of sqlite3.Cursor object at 0x0000026CA688AB40>) completed
[35mDEBUG   [0m aiosqlite:core.py:62 executing functools.partial(<built-in method cursor of sqlite3.Connection object at 0x0000026CA66D84F0>)
[35mDEBUG   [0m aiosqlite:core.py:67 operation functools.partial(<built-in method cursor of sqlite3.Connection object at 0x0000026CA66D84F0>) completed
[35mDEBUG   [0m aiosqlite:core.py:62 executing functools.partial(<built-in method execute of sqlite3.Cursor object at 0x0000026CA6866240>, 'CREATE INDEX ix_archived_documents_invoice_number ON archived_documents (invoice_number)', ())
[35mDEBUG   [0m aiosqlite:core.py:67 operation functools.partial(<built-in method execute of sqlite3.Cursor object at 0x0000026CA6866240>, 'CREATE INDEX ix_archived_documents_invoice_number ON archived_documents (invoice_number)', ()) completed
[35mDEBUG   [0m aiosqlite:core.py:62 executing functools.partial(<built-in method close of sqlite3.Cursor object at 0x0000026CA6866240>)
[35mDEBUG   [0m aiosqlite:core.py:67 operation functools.partial(<built-in method close of sqlite3.Cursor object at 0x0000026CA6866240>) completed
[35mDEBUG   [0m aiosqlite:core.py:62 executing functools.partial(<built-in method cursor of sqlite3.Connection object at 0x0000026CA66D84F0>)
[35mDEBUG   [0m aiosqlite:core.py:67 operation functools.partial(<built-in method cursor of sqlite3.Connection object at 0x0000026CA66D84F0>) completed
[35mDEBUG   [0m aiosqlite:core.py:62 executing functools.partial(<built-in method execute of sqlite3.Cursor object at 0x0000026CA688A640>, 'CREATE INDEX ix_archived_documents_archived_at ON archived_documents (archived_at)', ())
[35mDEBUG   [0m aiosqlite:core.py:67 operation functools.partial(<built-in method execute of sqlite3.Cursor object at 0x0000026CA688A640>, 'CREATE INDEX ix_archived_documents_archived_at ON archived_documents (archived_at)', ()) completed
[35mDEBUG   [0m aiosqlite:core.py:62 executing functools.partial(<built-in method close of sqlite3.Cursor object at 0x0000026CA688A640>)
[35mDEBUG   [0m aiosqlite:core.py:67 operation functools.partial(<built-in method close of sqlite3.Cursor object at 0x0000026CA688A640>) completed
[35mDEBUG   [0m aiosqlite:core.py:62 executing functools.partial(<built-in method cursor of sqlite3.Connection object at 0x0000026CA66D84F0>)
[35mDEBUG   [0m aiosqlite:core.py:67 operation functools.partial(<built-in method cursor of sqlite3.Connection object at 0x0000026CA66D84F0>) completed
[35mDEBUG   [0m aiosqlite:core.py:62 executing functools.partial(<built-in method execute of sqlite3.Cursor object at 0x0000026CA68664C0>, '\nCREATE TABLE document_access_logs (\n\tid VARCHAR NOT NULL, \n\tdocument_id VARCHAR NOT NULL, \n\taccessed_by VARCHAR NOT NULL, \n\taccess_type VARCHAR NOT NULL, \n\taccessed_at DATETIME NOT NULL, \n\tip_address VARCHAR, \n\tuser_agent VARCHAR, \n\treason TEXT, \n\tPRIMARY KEY (id), \n\tFOREIGN KEY(document_id) REFERENCES archived_documents (id)\n)\n\n', ())
[35mDEBUG   [0m aiosqlite:core.py:67 operation functools.partial(<built-in method execute of sqlite3.Cursor object at 0x0000026CA68664C0>, '\nCREATE TABLE document_access_logs (\n\tid VARCHAR NOT NULL, \n\tdocument_id VARCHAR NOT NULL, \n\taccessed_by VARCHAR NOT NULL, \n\taccess_type VARCHAR NOT NULL, \n\taccessed_at DATETIME NOT NULL, \n\tip_address VARCHAR, \n\tuser_agent VARCHAR, \n\treason TEXT, \n\tPRIMARY KEY (id), \n\tFOREIGN KEY(document_id) REFERENCES archived_documents (id)\n)\n\n', ()) completed
[35mDEBUG   [0m aiosqlite:core.py:62 executing functools.partial(<built-in method close of sqlite3.Cursor object at 0x0000026CA68664C0>)
[35mDEBUG   [0m aiosqlite:core.py:67 operation functools.partial(<built-in method close of sqlite3.Cursor object at 0x0000026CA68664C0>) completed
[35mDEBUG   [0m aiosqlite:core.py:62 executing functools.partial(<built-in method cursor of sqlite3.Connection object at 0x0000026CA66D84F0>)
[35mDEBUG   [0m aiosqlite:core.py:67 operation functools.partial(<built-in method cursor of sqlite3.Connection object at 0x0000026CA66D84F0>) completed
[35mDEBUG   [0m aiosqlite:core.py:62 executing functools.partial(<built-in method execute of sqlite3.Cursor object at 0x0000026CA688B140>, 'CREATE INDEX ix_document_access_logs_accessed_by ON document_access_logs (accessed_by)', ())
[35mDEBUG   [0m aiosqlite:core.py:67 operation functools.partial(<built-in method execute of sqlite3.Cursor object at 0x0000026CA688B140>, 'CREATE INDEX ix_document_access_logs_accessed_by ON document_access_logs (accessed_by)', ()) completed
[35mDEBUG   [0m aiosqlite:core.py:62 executing functools.partial(<built-in method close of sqlite3.Cursor object at 0x0000026CA688B140>)
[35mDEBUG   [0m aiosqlite:core.py:67 operation functools.partial(<built-in method close of sqlite3.Cursor object at 0x0000026CA688B140>) completed
[35mDEBUG   [0m aiosqlite:core.py:62 executing functools.partial(<built-in method cursor of sqlite3.Connection object at 0x0000026CA66D84F0>)
[35mDEBUG   [0m aiosqlite:core.py:67 operation functools.partial(<built-in method cursor of sqlite3.Connection object at 0x0000026CA66D84F0>) completed
[35mDEBUG   [0m aiosqlite:core.py:62 executing functools.partial(<built-in method execute of sqlite3.Cursor object at 0x0000026CA688B740>, 'CREATE INDEX ix_document_access_logs_accessed_at ON document_access_logs (accessed_at)', ())
[35mDEBUG   [0m aiosqlite:core.py:67 operation functools.partial(<built-in method execute of sqlite3.Cursor object at 0x0000026CA688B740>, 'CREATE INDEX ix_document_access_logs_accessed_at ON document_access_logs (accessed_at)', ()) completed
[35mDEBUG   [0m aiosqlite:core.py:62 executing functools.partial(<built-in method close of sqlite3.Cursor object at 0x0000026CA688B740>)
[35mDEBUG   [0m aiosqlite:core.py:67 operation functools.partial(<built-in method close of sqlite3.Cursor object at 0x0000026CA688B740>) completed
[35mDEBUG   [0m aiosqlite:core.py:62 executing functools.partial(<built-in method cursor of sqlite3.Connection object at 0x0000026CA66D84F0>)
[35mDEBUG   [0m aiosqlite:core.py:67 operation functools.partial(<built-in method cursor of sqlite3.Connection object at 0x0000026CA66D84F0>) completed
[35mDEBUG   [0m aiosqlite:core.py:62 executing functools.partial(<built-in method execute of sqlite3.Cursor object at 0x0000026CA688A7C0>, 'CREATE INDEX ix_document_access_logs_document_id ON document_access_logs (document_id)', ())
[35mDEBUG   [0m aiosqlite:core.py:67 operation functools.partial(<built-in method execute of sqlite3.Cursor object at 0x0000026CA688A7C0>, 'CREATE INDEX ix_document_access_logs_document_id ON document_access_logs (document_id)', ()) completed
[35mDEBUG   [0m aiosqlite:core.py:62 executing functools.partial(<built-in method close of sqlite3.Cursor object at 0x0000026CA688A7C0>)
[35mDEBUG   [0m aiosqlite:core.py:67 operation functools.partial(<built-in method close of sqlite3.Cursor object at 0x0000026CA688A7C0>) completed
[35mDEBUG   [0m aiosqlite:core.py:62 executing functools.partial(<built-in method commit of sqlite3.Connection object at 0x0000026CA66D84F0>)
[35mDEBUG   [0m aiosqlite:core.py:67 operation functools.partial(<built-in method commit of sqlite3.Connection object at 0x0000026CA66D84F0>) completed
[35mDEBUG   [0m aiosqlite:core.py:62 executing functools.partial(<built-in method rollback of sqlite3.Connection object at 0x0000026CA66D84F0>)
[35mDEBUG   [0m aiosqlite:core.py:67 operation functools.partial(<built-in method rollback of sqlite3.Connection object at 0x0000026CA66D84F0>) completed
[35mDEBUG   [0m asyncio:proactor_events.py:633 Using proactor: IocpProactor
------------------------------ Captured log call ------------------------------
[32mINFO    [0m src.middleware.logging_middleware:logging_middleware.py:71 Request started
[33mWARNING [0m src.utils.query_optimizer:query_optimizer.py:522 Slow query detected (invoice_get_by_id): 124.42ms
[32mINFO    [0m src.middleware.logging_middleware:logging_middleware.py:115 Request completed
[32mINFO    [0m httpx:_client.py:1025 HTTP Request: POST http://testserver/api/v1/invoices/DOC-E2E-001/match?use_ai=false "HTTP/1.1 200 OK"
[32mINFO    [0m src.middleware.logging_middleware:logging_middleware.py:71 Request started
[33mWARNING [0m src.utils.query_optimizer:query_optimizer.py:522 Slow query detected (vendor_get_by_id): 100.79ms
[32mINFO    [0m src.middleware.logging_middleware:logging_middleware.py:115 Request completed
[32mINFO    [0m httpx:_client.py:1025 HTTP Request: POST http://testserver/api/v1/invoices/DOC-E2E-001/assess-risk?vendor_id=V001 "HTTP/1.1 200 OK"
[32mINFO    [0m src.middleware.logging_middleware:logging_middleware.py:71 Request started
[31m[1mERROR   [0m src.api.routes:routes.py:391 Failed to get status: type object 'InvoiceStatus' has no attribute 'PENDING_REVIEW'
[33mWARNING [0m src.middleware.logging_middleware:logging_middleware.py:115 Request completed
[32mINFO    [0m httpx:_client.py:1025 HTTP Request: GET http://testserver/api/v1/invoices/DOC-E2E-001/status "HTTP/1.1 500 Internal Server Error"
=============================== tests coverage ================================
_______________ coverage: platform win32, python 3.13.9-final-0 _______________

Name                                     Stmts   Miss  Cover   Missing
----------------------------------------------------------------------
src\__init__.py                              1      0   100%
src\agents\__init__.py                       4      0   100%
src\agents\extraction_agent.py               4      0   100%
src\agents\po_matching_agent.py            139     87    37%   87-126, 130, 151-158, 164-191, 225-296, 351-356, 367, 371, 376, 388, 416-483, 487
src\agents\risk_detection_agent.py         107     52    51%   69-158, 165-173, 207-210, 244, 246, 248, 250, 256, 262, 264, 267, 272, 275-278, 284-289, 301, 309-317
src\api\__init__.py                         39     12    69%   29-31, 38-40, 47-49, 56-58
src\api\approval_routes.py                 261    141    46%   176-229, 256-258, 296-304, 348-444, 456-466, 480-487, 499-527, 541, 561-562, 582-583, 601-692, 707-727, 773-894, 909-913
src\api\dashboard_routes.py                474    367    23%   54-55, 76-77, 97, 127-171, 177-183, 189-197, 203-211, 217-231, 237-251, 267-307, 313-319, 325, 331-339, 345-354, 360-369, 375-391, 403-421, 427-436, 447-469, 490-525, 531-542, 548, 554-562, 568-577, 583-592, 598, 604-610, 619-627, 651-694, 700-708, 723-730, 741-747, 753, 759, 770-814, 821-847, 853-874, 880-904, 910-931, 937-957, 963-987, 993-1019, 1029, 1035
src\api\erp_routes.py                      392    236    40%   186-229, 246-274, 286-296, 307-317, 329-349, 360-373, 384-428, 442-474, 491-563, 578-646, 665-719, 734-776, 796-809, 820-828, 842-851, 863-904, 916-935, 946-959, 972-991, 1005-1024
src\api\esign_routes.py                    103     76    26%   26-27, 53-138, 155-169, 189-212, 232-253, 279-341, 352-354, 397-399
src\api\pagination.py                       27     27     0%   7-71
src\api\routes.py                          149     97    35%   34, 56-100, 118-137, 173-214, 239, 246, 266-276, 295-345, 368-392, 411-434, 459
src\api\routes_simple.py                   117     81    31%   41-62, 81, 99, 117, 135, 153, 182, 199-273, 286-292, 305-310, 324-331, 344-363
src\auth.py                                215    126    41%   66-74, 123-126, 131-134, 139-152, 157-164, 169-176, 181-188, 193-203, 212, 217, 222-229, 235-246, 251-255, 263-293, 309-314, 334-352, 374-415, 435-474, 493-536, 556-558, 571, 590
src\cache\__init__.py                        3      0   100%
src\cache\cache_service.py                 269    193    28%   43, 50-54, 58-70, 74-86, 90-94, 98-104, 108-109, 113-116, 120-125, 130-131, 174-178, 187-211, 215-218, 231-243, 256-268, 289-302, 315-326, 338-349, 358-370, 378, 397-401, 407, 440-500, 524-551, 597-608
src\cache\redis_cache.py                   136    107    21%   28-30, 39-64, 68-71, 84, 98-102, 115-129, 150-163, 176-186, 198-215, 219, 223, 227, 231, 240-261, 268-271, 287-291, 313-345
src\config.py                               84      0   100%
src\db\__init__.py                           5      0   100%
src\db\database.py                          47     19    60%   30, 66, 70, 75, 111, 123-131, 145-146, 156-160
src\db\models.py                           197      0   100%
src\db\repositories.py                     319    223    30%   59-65, 68, 71, 74, 78, 99-115, 135-140, 144, 148-151, 155-172, 186-245, 257-277, 281-282, 286-292, 306, 319-353, 357-377, 384-406, 433, 437-445, 458-482, 490, 501-506, 514-540, 553, 560-575, 579-587, 624-630, 634-654, 658, 665-672, 684-696, 732, 736-753, 757, 764-785, 796-803, 810-841
src\db\seed.py                              16     16     0%   9-34
src\db\seed_data.py                         25     25     0%   10-558
src\integrations\__init__.py                 0      0   100%
src\integrations\erp\__init__.py             6      0   100%
src\integrations\erp\base.py               132     67    49%   61-70, 74, 105-115, 119, 152-163, 167, 198-206, 210, 242-245, 253, 266, 276, 294, 314, 330, 343, 353, 363, 367-368, 377, 384, 388-394, 397
src\integrations\erp\netsuite.py           210    180    14%   66-83, 103-125, 139-158, 185-211, 222-231, 240-256, 273-323, 337-355, 385-436, 450-460, 483-527, 539-575, 584-610, 619-644, 648-660, 664-665
src\integrations\erp\quickbooks.py         241    208    14%   53-64, 68, 76-89, 93-113, 128-172, 185-238, 246-305, 316-357, 364-383, 387-404, 412-427, 431-457, 461-466, 470-486, 490, 498-500, 526-540, 560-561
src\integrations\erp\sap.py                228    203    11%   44-55, 62, 66-92, 96-114, 126-176, 189-245, 253-305, 313-355, 359-381, 385-405, 415-444, 448, 455, 459-462, 487-499, 518-527
src\integrations\erp\xero.py               249    216    13%   54-65, 69, 73-84, 88-112, 122-167, 176-229, 237-284, 288-329, 333-355, 359-379, 389-402, 406-432, 436-440, 444-460, 464, 473-479, 503-516, 536-537
src\integrations\foxit\esign.py            129     98    24%   69-84, 103-140, 167-214, 229-262, 279-301, 318-340, 357-376, 393-415, 438-488, 492-493
src\logging_config.py                       24     24     0%   7-64
src\main.py                                112     33    71%   41-42, 60-74, 83-84, 94-95, 181-182, 189-190, 231-232, 238, 252, 267-273, 289-292
src\middleware\__init__.py                   3      0   100%
src\middleware\logging_middleware.py        96     23    76%   57, 96-107, 141-142, 150, 155, 161, 166, 181, 202-225
src\middleware\rate_limit.py                96     42    56%   56, 61, 65-66, 77-79, 83-86, 90-131, 157, 166, 173, 179
src\models\__init__.py                       6      0   100%
src\models\approval.py                     201     14    93%   102, 139, 195, 200, 205-208, 253, 291, 359, 364, 369, 399
src\models\erp.py                          128      5    96%   103, 156, 203, 246, 291
src\models\esign.py                         92      4    96%   84, 127, 163, 195
src\models\invoice.py                       66      2    97%   40-47
src\models\matching.py                      84      6    93%   134, 139, 148-151
src\models\purchase_order.py                54      5    91%   88, 96, 104-106
src\models\risk.py                         109      6    94%   169, 179, 188-191
src\models\vendor.py                        91      3    97%   147, 152, 157
src\orchestration\__init__.py                3      0   100%
src\orchestration\orchestrator.py           74     59    20%   49-70, 96-141, 155-168, 180-209, 232-253
src\orchestration\workflow_graph.py         34     24    29%   30-32, 45-53, 72-121
src\orchestration\workflow_nodes.py        214    198     7%   54-58, 73-147, 162-223, 238-298, 313-448, 463-477
src\orchestration\workflow_state.py         51      1    98%   96
src\plugins\__init__.py                      3      3     0%   8-25
src\plugins\base.py                         89     89     0%   7-316
src\plugins\registry.py                     91     91     0%   7-232
src\services\__init__.py                     8      3    62%   8-10
src\services\archival_service.py           165    141    15%   76-85, 119-238, 267-307, 319-362, 371-404, 421-485, 498-525, 537-544, 556, 575
src\services\discrepancy_detector.py        86     30    65%   39-44, 71, 75-84, 106-109, 120-122, 151-154, 165-169, 180-181, 201-202, 222
src\services\duplicate_detector.py          82     61    26%   44, 48-56, 79-115, 123-177, 186-191
src\services\erp_sync_service.py           252    246     2%   15-626
src\services\esign_service.py              154    117    24%   67-73, 93-99, 112-118, 145-218, 230-273, 290-318, 331-357, 370-396, 408-431, 435, 444, 454, 463, 471, 490-497, 510
src\services\extraction_agent.py            87     67    23%   95-100, 104-127, 140-208, 224-284, 294-308
src\services\matching_service.py            93     54    42%   56-61, 76, 86-96, 118-131, 149-213, 241-248
src\services\ocr_service.py                164    128    22%   68-90, 102-136, 148-152, 160-222, 230-270, 286-308, 329-345, 350, 355-360, 366-369
src\services\pdf_service.py                255    225    12%   33-34, 63-68, 94-142, 167-217, 221-296, 300, 334-375, 400-453, 472-506, 534-611, 629-666, 678-699, 716-746, 765-793
src\services\price_anomaly_detector.py      58     37    36%   49-107, 120-155, 170-171, 175
src\services\vendor_risk_analyzer.py       102     66    35%   48-137, 145-153, 158, 161, 177, 181, 188-201, 206, 209, 216-223
src\utils\__init__.py                        5      0   100%
src\utils\circuit_breaker.py               145     98    32%   76-89, 94-95, 100-101, 106, 111, 116, 120-134, 138-155, 159-168, 172-181, 185-199, 203-208, 212-219, 234-235, 239-244, 248, 265-275, 280-291, 296-306
src\utils\errors.py                         61     28    54%   40-45, 49, 60, 80-88, 100-111, 122, 144-155, 168-179, 190-200, 211-222
src\utils\monitoring.py                    242    151    38%   45, 50, 123, 144-151, 169-206, 220-221, 236-240, 257-268, 280-286, 305, 309-325, 333-351, 359-377, 384-389, 397-418, 426-431, 438-458, 465-493, 504-550, 562
src\utils\query_optimizer.py               257    137    47%   78, 154-156, 174, 178, 194-198, 209-213, 217-218, 222-225, 229-234, 239-241, 284-291, 303-323, 334, 338-373, 377, 386-387, 413-414, 430-431, 439-452, 456-463, 529, 548-564, 577-578, 586-598, 609, 627-644, 665-689, 728, 738, 746
src\utils\retry.py                          76     51    33%   40-42, 53-61, 80-126, 154-192
----------------------------------------------------------------------
TOTAL                                     8341   5129    39%
Coverage HTML written to dir htmlcov
Coverage XML written to file coverage.xml
[32mRequired test coverage of 30% reached. Total coverage: 38.51%
[0m[36m[1m=========================== short test summary info ===========================[0m
[31mFAILED[0m tests/test_api_e2e.py::[1mTestAPIEndToEnd::test_complete_workflow_e2e[0m - assert 500 == 200
 +  where 500 = <Response [500 Internal Server Error]>.status_code
[31m============================= [31m[1m1 failed[0m[31m in 28.25s[0m[31m ==============================[0m
